Waf: Entering directory `/opt/workspace/ns-3-dev/build'
[ 940/2259] Compiling examples/efi-simulations/experiment.cc
[2243/2259] Linking build/examples/efi-simulations/ns3-dev-wifi-survive-debug
Waf: Leaving directory `/opt/workspace/ns-3-dev/build'
Build commands will be stored in build/compile_commands.json
'build' finished successfully (5.690s)
--------- Running new experiment ---------
Downlink Cluster 0 0.6169s
AP ID	AvgQueueWait	QueueDropRate	RequeueRate	Throughput
0      	0.00417313  	90.3085      	0.401594   	13.8095   

RelayID	AvgQueueWait	QueueDropRate	RequeueRate	Throughput
0      	0.00417313  	90.3085      	0.401594   	13.8095   

RelayID	ResRate	ClientID	PSR	Throughput	
0       0.6169  2       	0.58 	8.01008   
0       0.6169  3       	0.952	13.1598   
0       0.6169  4       	0.514	7.08627   
0       0.6169  6       	0.962	13.3036   
0       0.6169  11      	0.974	13.4613   
0       0.6169  12      	0.564	7.89913   
0       0.6169  16      	0.958	13.2351   
0       0.6169  19      	0.662	9.12455   
0       0.6169  20      	0.564	7.7194    
Downlink Cluster 7 0.0853s
AP ID	AvgQueueWait	QueueDropRate	RequeueRate	Throughput
0      	0.00897872  	32.4043      	0.297287   	5.3624    

RelayID	AvgQueueWait	QueueDropRate	RequeueRate	Throughput
7      	0.00481477  	0            	0.96463    	9.99012   

RelayID	ResRate	ClientID	PSR	Throughput	
7       0.0853  8       	0.406	4.28862   
Downlink Cluster 14 0.1108s
AP ID	AvgQueueWait	QueueDropRate	RequeueRate	Throughput
0      	0.0138669   	50.9942      	0.292398   	3.71338   

RelayID	AvgQueueWait	QueueDropRate	RequeueRate	Throughput
14     	0.0042945   	48.5013      	0.557313   	12.08     

RelayID	ResRate	ClientID	PSR	Throughput	
14      0.1108  10      	0.691	8.17489   
14      0.1108  18      	0.169	1.98482   
Downlink Cluster 15 0.0563s
AP ID	AvgQueueWait	QueueDropRate	RequeueRate	Throughput
0      	0.00878477  	11.3881      	0.339943   	5.48471   

RelayID	AvgQueueWait	QueueDropRate	RequeueRate	Throughput
15     	0.00453481  	0            	0.846354   	9.29979   

RelayID	ResRate	ClientID	PSR	Throughput	
15      0.0563  13      	0.331	2.69483   
Downlink Cluster 17 0.1308s
AP ID	AvgQueueWait	QueueDropRate	RequeueRate	Throughput
0      	0.0107897   	47.7748      	0.417999   	4.57493   

RelayID	AvgQueueWait	QueueDropRate	RequeueRate	Throughput
17     	0.00492526  	70.8905      	0.388237   	10.8275   

RelayID	ResRate	ClientID	PSR	Throughput	
17      0.1308  1       	0.408	4.80518   
17      0.1308  5       	0.707	7.67536   
17      0.1308  9       	0.191	2.12412   
--------- Running new experiment ---------
Downlink Cluster 0 0.5975s
AP ID	AvgQueueWait	QueueDropRate	RequeueRate	Throughput
0      	0.00387095  	83.1669      	0.468044   	14.9885   

RelayID	AvgQueueWait	QueueDropRate	RequeueRate	Throughput
0      	0.00387095  	83.1669      	0.468044   	14.9885   

RelayID	ResRate	ClientID	PSR	Throughput	
0       0.5975  5       	0.938	14.0223   
0       0.5975  6       	0.868	12.9177   
0       0.5975  9       	0.582	8.69852   
0       0.5975  11      	0.944	14.1305   
0       0.5975  13      	0.532	8.05141   
0       0.5975  14      	0.974	14.6196   
0       0.5975  15      	0.952	14.2783   
0       0.5975  16      	0.516	7.70253   
0       0.5975  20      	0.95 	14.2422   
Downlink Cluster 1 0.1162s
AP ID	AvgQueueWait	QueueDropRate	RequeueRate	Throughput
0      	0.00558975  	33.8352      	0.528262   	7.71482   

RelayID	AvgQueueWait	QueueDropRate	RequeueRate	Throughput
1      	0.0076948   	65.5777      	0.328103   	7.14598   

RelayID	ResRate	ClientID	PSR	Throughput	
1       0.1162  4       	0.582	4.52923   
1       0.1162  19      	0.706	5.22287   
Downlink Cluster 2 0.0847s
AP ID	AvgQueueWait	QueueDropRate	RequeueRate	Throughput
0      	0.0109156   	24.7432      	0.373483   	3.97486   

RelayID	AvgQueueWait	QueueDropRate	RequeueRate	Throughput
2      	0.00410245  	0            	0.829726   	12.1466   

RelayID	ResRate	ClientID	PSR	Throughput	
2       0.0847  10      	0.695	8.15034   
Downlink Cluster 7 0.035s
No packets queued!!!
Downlink Cluster 8 0.0715s
AP ID	AvgQueueWait	QueueDropRate	RequeueRate	Throughput
0      	0.00877458  	19.5332      	0.405885   	3.97327   

RelayID	AvgQueueWait	QueueDropRate	RequeueRate	Throughput
8      	0.00536109  	4.2006       	0.642949   	10.2962   

RelayID	ResRate	ClientID	PSR	Throughput	
8       0.0715  17      	0.617	5.72992   
Downlink Cluster 18 0.0951s
No packets queued!!!
--------- Running new experiment ---------
Downlink Cluster 0 0.6158s
AP ID	AvgQueueWait	QueueDropRate	RequeueRate	Throughput
0      	0.00365201  	70.7114      	0.551779   	15.8669   

RelayID	AvgQueueWait	QueueDropRate	RequeueRate	Throughput
0      	0.00365201  	70.7114      	0.551779   	15.8669   

RelayID	ResRate	ClientID	PSR	Throughput	
0       0.6158  6       	0.928	14.8532   
0       0.6158  10      	0.54 	8.47795   
0       0.6158  11      	0.964	15.2964   
0       0.6158  12      	0.948	15.0829   
0       0.6158  13      	0.688	10.875    
0       0.6158  14      	0.592	9.42084   
0       0.6158  16      	0.956	15.1543   
0       0.6158  18      	0.916	14.5158   
0       0.6158  19      	0.986	15.6381   
Downlink Cluster 1 0.1794s
AP ID	AvgQueueWait	QueueDropRate	RequeueRate	Throughput
0      	0.00836024  	48.3692      	0.487559   	8.04114   

RelayID	AvgQueueWait	QueueDropRate	RequeueRate	Throughput
1      	0.00875154  	82.4982      	0.248168   	6.95862   

RelayID	ResRate	ClientID	PSR	Throughput	
1       0.1794  3       	0.801	5.49647   
1       0.1794  5       	0.703	4.82954   
1       0.1794  7       	0.667	4.48839   
1       0.1794  15      	0.719	4.92503   
Downlink Cluster 9 0.0943s
AP ID	AvgQueueWait	QueueDropRate	RequeueRate	Throughput
0      	0.0112235   	38.653       	0.366032   	3.56996   

RelayID	AvgQueueWait	QueueDropRate	RequeueRate	Throughput
9      	0.00449168  	49.5427      	0.491192   	11.6391   

RelayID	ResRate	ClientID	PSR	Throughput	
9       0.0943  2       	0.661	7.71398   
9       0.0943  8       	0.509	6.12269   
Downlink Cluster 20 0.1105s
No packets queued!!!
--------- Running new experiment ---------
Downlink Cluster 0 0.6115s
AP ID	AvgQueueWait	QueueDropRate	RequeueRate	Throughput
0      	0.00394268  	86.2853      	0.439782   	14.6963   

RelayID	AvgQueueWait	QueueDropRate	RequeueRate	Throughput
0      	0.00394268  	86.2853      	0.439782   	14.6963   

RelayID	ResRate	ClientID	PSR	Throughput	
0       0.6115  1       	0.946	13.918    
0       0.6115  3       	1    	14.7256   
0       0.6115  6       	0.564	8.30264   
0       0.6115  12      	0.564	8.16966   
0       0.6115  13      	0.938	13.8054   
0       0.6115  14      	0.928	13.7191   
0       0.6115  15      	0.938	13.7816   
0       0.6115  16      	0.942	13.8652   
0       0.6115  20      	0.972	14.3051   
Downlink Cluster 7 0.0639s
AP ID	AvgQueueWait	QueueDropRate	RequeueRate	Throughput
0      	0.005266    	8.02885      	0.480769   	7.43482   

RelayID	AvgQueueWait	QueueDropRate	RequeueRate	Throughput
7      	0.00480536  	0            	0.953516   	8.76851   

RelayID	ResRate	ClientID	PSR	Throughput	
7       0.0639  4       	0.07 	0.696056  
Downlink Cluster 8 0.0997s
AP ID	AvgQueueWait	QueueDropRate	RequeueRate	Throughput
0      	0.00952586  	40.9304      	0.312207   	5.02268   

RelayID	AvgQueueWait	QueueDropRate	RequeueRate	Throughput
8      	0.00451501  	1.00067      	1.03402    	10.9383   

RelayID	ResRate	ClientID	PSR	Throughput	
8       0.0997  10      	0.673	7.43111   
Downlink Cluster 9 0.102s
AP ID	AvgQueueWait	QueueDropRate	RequeueRate	Throughput
0      	0.0102131   	42.8401      	0.358744   	4.63589   

RelayID	AvgQueueWait	QueueDropRate	RequeueRate	Throughput
9      	0.00459191  	3.89529      	0.997195   	11.3615   

RelayID	ResRate	ClientID	PSR	Throughput	
9       0.102   19      	0.684	8.06907   
Downlink Cluster 11 0.0689s
AP ID	AvgQueueWait	QueueDropRate	RequeueRate	Throughput
0      	0.00662621  	15.0858      	0.406504   	6.61499   

RelayID	AvgQueueWait	QueueDropRate	RequeueRate	Throughput
11     	0.00551581  	46.8298      	0.474289   	8.70215   

RelayID	ResRate	ClientID	PSR	Throughput	
11      0.0689  5       	0.171	1.28327   
11      0.0689  17      	0.263	2.30176   
Downlink Cluster 18 0.054s
AP ID	AvgQueueWait	QueueDropRate	RequeueRate	Throughput
0      	0.00324929  	0            	0.448179   	9.08652   

RelayID	AvgQueueWait	QueueDropRate	RequeueRate	Throughput
18     	0.00663953  	0            	0.729927   	5.78183   

RelayID	ResRate	ClientID	PSR	Throughput	
18      0.054   2       	0.084	0.511926  
--------- Running new experiment ---------
Downlink Cluster 0 0.6496s
AP ID	AvgQueueWait	QueueDropRate	RequeueRate	Throughput
0      	0.00374404  	78.6724      	0.504767   	15.4131   

RelayID	AvgQueueWait	QueueDropRate	RequeueRate	Throughput
0      	0.00374404  	78.6724      	0.504767   	15.4131   

RelayID	ResRate	ClientID	PSR	Throughput	
0       0.6496  5       	0.954	14.7107   
0       0.6496  6       	0.956	14.7397   
0       0.6496  10      	0.938	14.4747   
0       0.6496  11      	0.936	14.4202   
0       0.6496  13      	0.072	1.10768   
0       0.6496  14      	0.958	14.7819   
0       0.6496  15      	0.954	14.7048   
0       0.6496  16      	0.938	14.4525   
0       0.6496  19      	0.59 	9.06414   
0       0.6496  20      	0.782	12.0832   
Downlink Cluster 2 0.074s
AP ID	AvgQueueWait	QueueDropRate	RequeueRate	Throughput
0      	0.00840867  	21.2878      	0.394218   	6.00764   

RelayID	AvgQueueWait	QueueDropRate	RequeueRate	Throughput
2      	0.00493257  	0            	0.855107   	9.35551   

RelayID	ResRate	ClientID	PSR	Throughput	
2       0.074   17      	0.154	1.18432   
Downlink Cluster 3 0.0774s
AP ID	AvgQueueWait	QueueDropRate	RequeueRate	Throughput
0      	0.00599525  	26.917       	0.355731   	5.6566    

RelayID	AvgQueueWait	QueueDropRate	RequeueRate	Throughput
3      	0.00433247  	0            	0.984067   	10.1439   

RelayID	ResRate	ClientID	PSR	Throughput	
3       0.0774  18      	0.074	0.928889  
Downlink Cluster 4 0.0707s
AP ID	AvgQueueWait	QueueDropRate	RequeueRate	Throughput
0      	0.00907519  	22.3619      	0.328048   	2.64711   

RelayID	AvgQueueWait	QueueDropRate	RequeueRate	Throughput
4      	0.00369132  	0            	0.936246   	12.5755   

RelayID	ResRate	ClientID	PSR	Throughput	
4       0.0707  7       	0.109	1.33907   
Downlink Cluster 9 0.0539s
AP ID	AvgQueueWait	QueueDropRate	RequeueRate	Throughput
0      	0.00773494  	7.48663      	0.356506   	5.65308   

RelayID	AvgQueueWait	QueueDropRate	RequeueRate	Throughput
9      	0.00475848  	0            	0.876011   	9.66725   

RelayID	ResRate	ClientID	PSR	Throughput	
9       0.0539  8       	0.109	0.847477  
Downlink Cluster 12 0.0745s
AP ID	AvgQueueWait	QueueDropRate	RequeueRate	Throughput
0      	0.0113541   	22.5874      	0.365154   	3.01193   

RelayID	AvgQueueWait	QueueDropRate	RequeueRate	Throughput
12     	0.00387344  	0            	0.972516   	12.7104   

RelayID	ResRate	ClientID	PSR	Throughput	
12      0.0745  1       	0.071	0.987624  
--------- Running new experiment ---------
Downlink Cluster 0 0.6481s
AP ID	AvgQueueWait	QueueDropRate	RequeueRate	Throughput
0      	0.00366425  	71.0083      	0.550524   	15.876    

RelayID	AvgQueueWait	QueueDropRate	RequeueRate	Throughput
0      	0.00366425  	71.0083      	0.550524   	15.876    

RelayID	ResRate	ClientID	PSR	Throughput	
0       0.6481  2       	0.906	14.3535   
0       0.6481  4       	0.69 	10.9851   
0       0.6481  5       	0.938	14.836    
0       0.6481  6       	0.58 	9.08207   
0       0.6481  13      	0.572	9.02903   
0       0.6481  14      	0.948	15.033    
0       0.6481  16      	0.942	14.9328   
0       0.6481  17      	0.932	14.7779   
0       0.6481  18      	0.936	14.8591   
0       0.6481  19      	0.95 	15.0808   
Downlink Cluster 8 0.0842s
No packets queued!!!
Downlink Cluster 11 0.057s
AP ID	AvgQueueWait	QueueDropRate	RequeueRate	Throughput
0      	0.00366848  	4.56233      	0.424403   	7.82296   

RelayID	AvgQueueWait	QueueDropRate	RequeueRate	Throughput
11     	0.00394755  	0            	1.13914    	8.44516   

RelayID	ResRate	ClientID	PSR	Throughput	
11      0.057   7       	0.069	0.441211  
Downlink Cluster 12 0.1752s
AP ID	AvgQueueWait	QueueDropRate	RequeueRate	Throughput
0      	0.0104177   	52.1755      	0.446263   	4.90801   

RelayID	AvgQueueWait	QueueDropRate	RequeueRate	Throughput
12     	0.00493987  	73.6166      	0.376479   	11.0241   

RelayID	ResRate	ClientID	PSR	Throughput	
12      0.1752  1       	0.715	7.87777   
12      0.1752  9       	0.83 	9.10555   
12      0.1752  10      	0.603	6.74075   
Downlink Cluster 20 0.0354s
AP ID	AvgQueueWait	QueueDropRate	RequeueRate	Throughput
0      	0.0034239   	0            	0.725295   	10.9453   

RelayID	AvgQueueWait	QueueDropRate	RequeueRate	Throughput
20     	0.00390288  	0            	0.496278   	3.35842   

RelayID	ResRate	ClientID	PSR	Throughput	
20      0.0354  3       	0.08 	0.26435   
--------- Running new experiment ---------
Downlink Cluster 0 0.7191s
AP ID	AvgQueueWait	QueueDropRate	RequeueRate	Throughput
0      	0.00374833  	78.7541      	0.500411   	15.473    

RelayID	AvgQueueWait	QueueDropRate	RequeueRate	Throughput
0      	0.00374833  	78.7541      	0.500411   	15.473    

RelayID	ResRate	ClientID	PSR	Throughput	
0       0.7191  1       	0.948	14.6748   
0       0.7191  2       	0.928	14.3982   
0       0.7191  3       	0.592	9.26328   
0       0.7191  4       	0.94 	14.571    
0       0.7191  5       	0.456	7.16524   
0       0.7191  7       	0.586	9.04717   
0       0.7191  9       	0.938	14.531    
0       0.7191  10      	0.736	11.409    
0       0.7191  11      	0.456	7.10903   
0       0.7191  14      	0.932	14.4092   
0       0.7191  15      	0.662	10.2428   
0       0.7191  16      	0.772	11.9472   
0       0.7191  17      	0.676	10.5089   
Downlink Cluster 18 0.1482s
AP ID	AvgQueueWait	QueueDropRate	RequeueRate	Throughput
0      	0.0128008   	53.3598      	0.352501   	4.24589   

RelayID	AvgQueueWait	QueueDropRate	RequeueRate	Throughput
18     	0.00462943  	70.6025      	0.400744   	11.8574   

RelayID	ResRate	ClientID	PSR	Throughput	
18      0.1482  6       	0.669	7.84175   
18      0.1482  13      	0.68 	7.95352   
18      0.1482  20      	0.541	6.37077   
Downlink Cluster 19 0.1326s
AP ID	AvgQueueWait	QueueDropRate	RequeueRate	Throughput
0      	0.00806859  	40.7946      	0.554401   	7.29846   

RelayID	AvgQueueWait	QueueDropRate	RequeueRate	Throughput
19     	0.00775868  	68.1328      	0.339271   	7.59759   

RelayID	ResRate	ClientID	PSR	Throughput	
19      0.1326  8       	0.793	6.12212   
19      0.1326  12      	0.798	6.0148    
--------- Running new experiment ---------
Downlink Cluster 0 0.7662s
AP ID	AvgQueueWait	QueueDropRate	RequeueRate	Throughput
0      	0.00387404  	83.5617      	0.466431   	15.0164   

RelayID	AvgQueueWait	QueueDropRate	RequeueRate	Throughput
0      	0.00387404  	83.5617      	0.466431   	15.0164   

RelayID	ResRate	ClientID	PSR	Throughput	
0       0.7662  1       	0.94 	14.0657   
0       0.7662  3       	0.866	13.0169   
0       0.7662  4       	0.856	12.8497   
0       0.7662  5       	0.078	1.19253   
0       0.7662  6       	0.772	11.5709   
0       0.7662  7       	0.622	9.31639   
0       0.7662  10      	0.69 	10.4265   
0       0.7662  12      	0.944	14.1576   
0       0.7662  13      	0.58 	8.67918   
0       0.7662  14      	0.94 	14.1019   
0       0.7662  16      	0.936	14.0406   
0       0.7662  18      	0.532	8.02431   
0       0.7662  19      	0.83 	12.4276   
0       0.7662  20      	0.846	12.6986   
Downlink Cluster 11 0.0613s
AP ID	AvgQueueWait	QueueDropRate	RequeueRate	Throughput
0      	0.013005    	6.88286      	0.397088   	2.89111   

RelayID	AvgQueueWait	QueueDropRate	RequeueRate	Throughput
11     	0.00343559  	0            	0.902256   	13.1344   

RelayID	ResRate	ClientID	PSR	Throughput	
11      0.0613  17      	0.058	0.600131  
Downlink Cluster 15 0.1725s
AP ID	AvgQueueWait	QueueDropRate	RequeueRate	Throughput
0      	0.0183525   	64.374       	0.25816    	3.89221   

RelayID	AvgQueueWait	QueueDropRate	RequeueRate	Throughput
15     	0.00470895  	71.6801      	0.391315   	11.6929   

RelayID	ResRate	ClientID	PSR	Throughput	
15      0.1725  2       	0.61 	6.88281   
15      0.1725  8       	0.731	9.21766   
15      0.1725  9       	0.674	8.40457   
--------- Running new experiment ---------
Downlink Cluster 0 0.8163s
AP ID	AvgQueueWait	QueueDropRate	RequeueRate	Throughput
0      	0.00385877  	83.6204      	0.465027   	15.0327   

RelayID	AvgQueueWait	QueueDropRate	RequeueRate	Throughput
0      	0.00385877  	83.6204      	0.465027   	15.0327   

RelayID	ResRate	ClientID	PSR	Throughput	
0       0.8163  1       	0.954	14.3594   
0       0.8163  2       	0.906	13.6572   
0       0.8163  3       	0.662	10.0113   
0       0.8163  5       	0.944	14.2301   
0       0.8163  8       	0.914	13.7725   
0       0.8163  10      	0.866	13.069    
0       0.8163  11      	0.928	13.9752   
0       0.8163  13      	0.958	14.4047   
0       0.8163  14      	0.078	1.20444   
0       0.8163  15      	0.938	14.1273   
0       0.8163  16      	0.936	14.0851   
0       0.8163  17      	0.914	13.8161   
0       0.8163  18      	0.958	14.4483   
0       0.8163  19      	0.894	13.4492   
0       0.8163  20      	0.924	13.9131   
Downlink Cluster 6 0.1091s
AP ID	AvgQueueWait	QueueDropRate	RequeueRate	Throughput
0      	0.0107672   	39.0728      	0.441501   	4.79929   

RelayID	AvgQueueWait	QueueDropRate	RequeueRate	Throughput
6      	0.0045549   	54.2874      	0.498188   	10.6036   

RelayID	ResRate	ClientID	PSR	Throughput	
6       0.1091  7       	0.668	6.70787   
6       0.1091  9       	0.555	6.08009   
Downlink Cluster 12 0.0745s
AP ID	AvgQueueWait	QueueDropRate	RequeueRate	Throughput
0      	0.0108232   	32.5115      	0.29252    	4.00342   

RelayID	AvgQueueWait	QueueDropRate	RequeueRate	Throughput
12     	0.00394753  	0            	1.04498    	11.5421   

RelayID	ResRate	ClientID	PSR	Throughput	
12      0.0745  4       	0.596	6.70185   
--------- Running new experiment ---------
Downlink Cluster 0 0.7029s
AP ID	AvgQueueWait	QueueDropRate	RequeueRate	Throughput
0      	0.00435139  	92.5754      	0.376172   	13.2567   

RelayID	AvgQueueWait	QueueDropRate	RequeueRate	Throughput
0      	0.00435139  	92.5754      	0.376172   	13.2567   

RelayID	ResRate	ClientID	PSR	Throughput	
0       0.7029  1       	0.95 	12.615    
0       0.7029  2       	0.476	6.349     
0       0.7029  5       	0.942	12.5409   
0       0.7029  6       	0.942	12.5146   
0       0.7029  9       	0.93 	12.3603   
0       0.7029  10      	0.548	7.37444   
0       0.7029  11      	0.772	10.2897   
0       0.7029  12      	0.914	12.1953   
0       0.7029  13      	0.942	12.5026   
0       0.7029  15      	0.45 	5.9248    
0       0.7029  16      	0.952	12.6527   
0       0.7029  18      	0.932	12.4009   
Downlink Cluster 7 0.0544s
AP ID	AvgQueueWait	QueueDropRate	RequeueRate	Throughput
0      	0.0107263   	6.57895      	0.394737   	4.12774   

RelayID	AvgQueueWait	QueueDropRate	RequeueRate	Throughput
7      	0.004391    	0            	0.637349   	10.0028   

RelayID	ResRate	ClientID	PSR	Throughput	
7       0.0544  3       	0.15 	1.22654   
Downlink Cluster 14 0.0845s
AP ID	AvgQueueWait	QueueDropRate	RequeueRate	Throughput
0      	0.00790313  	23.951       	0.480769   	4.42628   

RelayID	AvgQueueWait	QueueDropRate	RequeueRate	Throughput
14     	0.00449217  	3.64156      	0.785434   	11.5119   

RelayID	ResRate	ClientID	PSR	Throughput	
14      0.0845  17      	0.576	6.50122   
Downlink Cluster 19 0.1049s
AP ID	AvgQueueWait	QueueDropRate	RequeueRate	Throughput
0      	0.0145956   	53.2186      	0.177989   	3.73092   

RelayID	AvgQueueWait	QueueDropRate	RequeueRate	Throughput
19     	0.00410693  	0            	1.05837    	12.1002   

RelayID	ResRate	ClientID	PSR	Throughput	
19      0.1049  4       	0.795	9.49649   
Downlink Cluster 20 0.0534s
AP ID	AvgQueueWait	QueueDropRate	RequeueRate	Throughput
0      	0.00909021  	0            	0.465549   	2.80296   

RelayID	AvgQueueWait	QueueDropRate	RequeueRate	Throughput
20     	0.00332716  	0            	0.795107   	11.7968   

RelayID	ResRate	ClientID	PSR	Throughput	
20      0.0534  8       	0.179	2.11406   
--------- Running new experiment ---------
Downlink Cluster 0 0.6289s
AP ID	AvgQueueWait	QueueDropRate	RequeueRate	Throughput
0      	0.00365516  	70.8991      	0.549829   	15.8711   

RelayID	AvgQueueWait	QueueDropRate	RequeueRate	Throughput
0      	0.00365516  	70.8991      	0.549829   	15.8711   

RelayID	ResRate	ClientID	PSR	Throughput	
0       0.6289  2       	0.962	15.2332   
0       0.6289  5       	0.59 	9.36762   
0       0.6289  8       	0.95 	15.0588   
0       0.6289  9       	0.956	15.1516   
0       0.6289  10      	0.938	14.8184   
0       0.6289  12      	0.772	12.2256   
0       0.6289  13      	0.728	11.4611   
0       0.6289  14      	0.662	10.3942   
0       0.6289  19      	0.936	14.7525   
0       0.6289  20      	0.772	12.2309   
Downlink Cluster 1 0.0613s
AP ID	AvgQueueWait	QueueDropRate	RequeueRate	Throughput
0      	0.0235687   	22.5564      	0.250627   	1.27989   

RelayID	AvgQueueWait	QueueDropRate	RequeueRate	Throughput
1      	0.00384459  	0            	0.819672   	11.7697   

RelayID	ResRate	ClientID	PSR	Throughput	
1       0.0613  16      	0.218	2.38429   
Downlink Cluster 3 0.0842s
No packets queued!!!
Downlink Cluster 4 0.0828s
AP ID	AvgQueueWait	QueueDropRate	RequeueRate	Throughput
0      	0.0125505   	36.791       	0.3108     	4.13658   

RelayID	AvgQueueWait	QueueDropRate	RequeueRate	Throughput
4      	0.00430913  	0            	0.96463    	10.8382   

RelayID	ResRate	ClientID	PSR	Throughput	
4       0.0828  6       	0.705	7.73217   
Downlink Cluster 17 0.0522s
AP ID	AvgQueueWait	QueueDropRate	RequeueRate	Throughput
0      	0.0100228   	0            	0.401284   	2.86929   

RelayID	AvgQueueWait	QueueDropRate	RequeueRate	Throughput
17     	0.00385493  	0            	0.815558   	11.5957   

RelayID	ResRate	ClientID	PSR	Throughput	
17      0.0522  7       	0.366	3.88042   
Downlink Cluster 18 0.0907s
AP ID	AvgQueueWait	QueueDropRate	RequeueRate	Throughput
0      	0.00579158  	27.1766      	0.458231   	6.63662   

RelayID	AvgQueueWait	QueueDropRate	RequeueRate	Throughput
18     	0.00579623  	10.6312      	0.812108   	8.90133   

RelayID	ResRate	ClientID	PSR	Throughput	
18      0.0907  11      	0.681	5.83816   
--------- Running new experiment ---------
Downlink Cluster 0 0.7541s
AP ID	AvgQueueWait	QueueDropRate	RequeueRate	Throughput
0      	0.00395691  	86.6048      	0.44233    	14.623    

RelayID	AvgQueueWait	QueueDropRate	RequeueRate	Throughput
0      	0.00395691  	86.6048      	0.44233    	14.623    

RelayID	ResRate	ClientID	PSR	Throughput	
0       0.7541  1       	0.94 	13.7874   
0       0.7541  2       	0.932	13.6381   
0       0.7541  4       	0.466	6.85355   
0       0.7541  5       	0.87 	12.7035   
0       0.7541  7       	0.532	7.80248   
0       0.7541  8       	1    	14.6526   
0       0.7541  9       	0.476	6.95524   
0       0.7541  10      	0.906	13.229    
0       0.7541  12      	1    	14.6477   
0       0.7541  13      	0.782	11.4616   
0       0.7541  15      	0.87 	12.7313   
0       0.7541  20      	0.94 	13.7514   
Downlink Cluster 14 0.0912s
AP ID	AvgQueueWait	QueueDropRate	RequeueRate	Throughput
0      	0.0151118   	38.5253      	0.289975   	2.87196   

RelayID	AvgQueueWait	QueueDropRate	RequeueRate	Throughput
14     	0.00375092  	0            	0.958904   	12.9839   

RelayID	ResRate	ClientID	PSR	Throughput	
14      0.0912  11      	0.536	6.89466   
Downlink Cluster 17 0.0734s
AP ID	AvgQueueWait	QueueDropRate	RequeueRate	Throughput
0      	0.0086652   	18.3178      	0.560748   	5.14339   

RelayID	AvgQueueWait	QueueDropRate	RequeueRate	Throughput
17     	0.00497781  	0.441891     	0.662837   	9.68655   

RelayID	ResRate	ClientID	PSR	Throughput	
17      0.0734  6       	0.182	1.83332   
Downlink Cluster 19 0.0813s
AP ID	AvgQueueWait	QueueDropRate	RequeueRate	Throughput
0      	0.0149823   	31.7387      	0.321987   	2.93483   

RelayID	AvgQueueWait	QueueDropRate	RequeueRate	Throughput
19     	0.00406738  	62.6815      	0.457816   	12.6058   

RelayID	ResRate	ClientID	PSR	Throughput	
19      0.0813  3       	0.419	5.14605   
19      0.0813  16      	0.117	1.51098   
19      0.0813  18      	0.085	0.945166  
--------- Running new experiment ---------
Downlink Cluster 0 0.5712s
AP ID	AvgQueueWait	QueueDropRate	RequeueRate	Throughput
0      	0.00374822  	78.4501      	0.50002    	15.4646   

RelayID	AvgQueueWait	QueueDropRate	RequeueRate	Throughput
0      	0.00374822  	78.4501      	0.50002    	15.4646   

RelayID	ResRate	ClientID	PSR	Throughput	
0       0.5712  3       	0.676	10.4533   
0       0.5712  5       	0.93 	14.338    
0       0.5712  7       	0.936	14.4951   
0       0.5712  8       	0.952	14.7404   
0       0.5712  16      	0.914	14.1404   
0       0.5712  18      	0.548	8.51675   
0       0.5712  19      	0.928	14.3941   
Downlink Cluster 6 0.0632s
AP ID	AvgQueueWait	QueueDropRate	RequeueRate	Throughput
0      	0.0287672   	25.7108      	0.181488   	1.18717   

RelayID	AvgQueueWait	QueueDropRate	RequeueRate	Throughput
6      	0.00327259  	0            	1.07469    	12.7857   

RelayID	ResRate	ClientID	PSR	Throughput	
6       0.0632  4       	0.452	5.8188    
Downlink Cluster 10 0.0722s
AP ID	AvgQueueWait	QueueDropRate	RequeueRate	Throughput
0      	0.00989834  	15.3361      	0.472689   	4.14317   

RelayID	AvgQueueWait	QueueDropRate	RequeueRate	Throughput
10     	0.00407916  	0            	0.808989   	10.739    

RelayID	ResRate	ClientID	PSR	Throughput	
10      0.0722  1       	0.556	6.06474   
Downlink Cluster 11 0.122s
AP ID	AvgQueueWait	QueueDropRate	RequeueRate	Throughput
0      	0.0136604   	49.4253      	0.336417   	3.53533   

RelayID	AvgQueueWait	QueueDropRate	RequeueRate	Throughput
11     	0.00472247  	69.1402      	0.425042   	11.694    

RelayID	ResRate	ClientID	PSR	Throughput	
11      0.122   2       	0.419	4.9838    
11      0.122   9       	0.522	5.66984   
11      0.122   13      	0.126	1.33672   
11      0.122   15      	0.419	4.85151   
Downlink Cluster 14 0.0868s
AP ID	AvgQueueWait	QueueDropRate	RequeueRate	Throughput
0      	0.014792    	34.7692      	0.307692   	2.58669   

RelayID	AvgQueueWait	QueueDropRate	RequeueRate	Throughput
14     	0.00373932  	0            	0.972622   	12.8281   

RelayID	ResRate	ClientID	PSR	Throughput	
14      0.0868  12      	0.602	7.4195    
Downlink Cluster 20 0.0845s
AP ID	AvgQueueWait	QueueDropRate	RequeueRate	Throughput
0      	0.00798497  	31.6817      	0.361664   	5.46312   

RelayID	AvgQueueWait	QueueDropRate	RequeueRate	Throughput
20     	0.00437689  	0            	1.06089    	9.67161   

RelayID	ResRate	ClientID	PSR	Throughput	
20      0.0845  17      	0.653	6.58613   
--------- Running new experiment ---------
Downlink Cluster 0 0.5771s
AP ID	AvgQueueWait	QueueDropRate	RequeueRate	Throughput
0      	0.00435835  	90.6019      	0.387117   	13.3211   

RelayID	AvgQueueWait	QueueDropRate	RequeueRate	Throughput
0      	0.00435835  	90.6019      	0.387117   	13.3211   

RelayID	ResRate	ClientID	PSR	Throughput	
0       0.5771  1       	0.728	9.79418   
0       0.5771  5       	0.772	10.4398   
0       0.5771  10      	0.942	12.7043   
0       0.5771  12      	0.962	12.9823   
0       0.5771  13      	0.516	7.05878   
0       0.5771  14      	0.54 	7.03139   
0       0.5771  16      	0.884	11.9356   
0       0.5771  20      	0.69 	9.34333   
Downlink Cluster 2 0.1728s
AP ID	AvgQueueWait	QueueDropRate	RequeueRate	Throughput
0      	0.00766586  	47.0347      	0.500179   	6.52237   

RelayID	AvgQueueWait	QueueDropRate	RequeueRate	Throughput
2      	0.00588469  	76.3111      	0.353848   	9.13508   

RelayID	ResRate	ClientID	PSR	Throughput	
2       0.1728  4       	0.693	6.32552   
2       0.1728  7       	0.589	5.24077   
2       0.1728  15      	0.063	0.566105  
2       0.1728  19      	0.721	6.46622   
Downlink Cluster 3 0.1157s
AP ID	AvgQueueWait	QueueDropRate	RequeueRate	Throughput
0      	0.0126671   	51.4395      	0.264395   	3.11809   

RelayID	AvgQueueWait	QueueDropRate	RequeueRate	Throughput
3      	0.00421851  	50.5042      	0.539696   	12.0414   

RelayID	ResRate	ClientID	PSR	Throughput	
3       0.1157  6       	0.557	6.56365   
3       0.1157  11      	0.59 	7.274     
Downlink Cluster 9 0.0602s
AP ID	AvgQueueWait	QueueDropRate	RequeueRate	Throughput
0      	0.00568756  	3.01171      	0.390407   	6.20347   

RelayID	AvgQueueWait	QueueDropRate	RequeueRate	Throughput
9      	0.0043161   	0            	0.964187   	8.69628   

RelayID	ResRate	ClientID	PSR	Throughput	
9       0.0602  8       	0.068	0.591694  
Downlink Cluster 17 0.0742s
AP ID	AvgQueueWait	QueueDropRate	RequeueRate	Throughput
0      	0.0121918   	29.6364      	0.363636   	3.52964   

RelayID	AvgQueueWait	QueueDropRate	RequeueRate	Throughput
17     	0.00398009  	0            	0.907965   	12.2439   

RelayID	ResRate	ClientID	PSR	Throughput	
17      0.0742  18      	0.446	5.41833   
--------- Running new experiment ---------
Downlink Cluster 0 0.6591s
AP ID	AvgQueueWait	QueueDropRate	RequeueRate	Throughput
0      	0.00396414  	86.5081      	0.442532   	14.5752   

RelayID	AvgQueueWait	QueueDropRate	RequeueRate	Throughput
0      	0.00396414  	86.5081      	0.442532   	14.5752   

RelayID	ResRate	ClientID	PSR	Throughput	
0       0.6591  1       	0.072	1.06891   
0       0.6591  6       	0.728	10.6      
0       0.6591  8       	0.466	6.7307    
0       0.6591  9       	0.862	12.5742   
0       0.6591  10      	0.932	13.6238   
0       0.6591  12      	0.456	6.59628   
0       0.6591  13      	0.928	13.5206   
0       0.6591  14      	0.668	9.66483   
0       0.6591  16      	0.068	0.958094  
0       0.6591  18      	0.936	13.6376   
0       0.6591  19      	0.466	6.81428   
0       0.6591  20      	0.514	7.53221   
Downlink Cluster 2 0.1095s
AP ID	AvgQueueWait	QueueDropRate	RequeueRate	Throughput
0      	0.00971612  	45.3447      	0.324101   	4.37547   

RelayID	AvgQueueWait	QueueDropRate	RequeueRate	Throughput
2      	0.00510242  	54.7402      	0.493294   	10.1103   

RelayID	ResRate	ClientID	PSR	Throughput	
2       0.1095  7       	0.64 	6.59291   
2       0.1095  11      	0.064	0.621132  
Downlink Cluster 4 0.1749s
AP ID	AvgQueueWait	QueueDropRate	RequeueRate	Throughput
0      	0.0159098   	62.4192      	0.277008   	3.55145   

RelayID	AvgQueueWait	QueueDropRate	RequeueRate	Throughput
4      	0.00418947  	55.2578      	0.539489   	13.1516   

RelayID	ResRate	ClientID	PSR	Throughput	
4       0.1749  5       	0.788	10.1742   
4       0.1749  17      	0.813	10.6508   
Downlink Cluster 15 0.0565s
No packets queued!!!
--------- Running new experiment ---------
Downlink Cluster 0 0.5997s
AP ID	AvgQueueWait	QueueDropRate	RequeueRate	Throughput
0      	0.0038556   	83.3136      	0.467257   	14.9552   

RelayID	AvgQueueWait	QueueDropRate	RequeueRate	Throughput
0      	0.0038556   	83.3136      	0.467257   	14.9552   

RelayID	ResRate	ClientID	PSR	Throughput	
0       0.5997  9       	1    	14.9759   
0       0.5997  10      	0.678	10.0927   
0       0.5997  11      	0.476	7.14217   
0       0.5997  13      	0.828	12.4043   
0       0.5997  14      	0.478	7.18924   
0       0.5997  15      	0.682	10.1607   
0       0.5997  16      	0.93 	13.9504   
0       0.5997  18      	0.078	1.09487   
Downlink Cluster 5 0.1443s
No packets queued!!!
Downlink Cluster 17 0.1623s
AP ID	AvgQueueWait	QueueDropRate	RequeueRate	Throughput
0      	0.00914624  	46.6291      	0.523244   	6.5049    

RelayID	AvgQueueWait	QueueDropRate	RequeueRate	Throughput
17     	0.00668811  	83.762       	0.281412   	8.33701   

RelayID	ResRate	ClientID	PSR	Throughput	
17      0.1623  1       	0.584	4.9924    
17      0.1623  2       	0.329	2.77918   
17      0.1623  4       	0.489	3.69457   
17      0.1623  6       	0.143	1.22352   
Downlink Cluster 19 0.0938s
AP ID	AvgQueueWait	QueueDropRate	RequeueRate	Throughput
0      	0.00574832  	44.3896      	0.230339   	3.91241   

RelayID	AvgQueueWait	QueueDropRate	RequeueRate	Throughput
19     	0.00404991  	0            	1.0574     	11.241    

RelayID	ResRate	ClientID	PSR	Throughput	
19      0.0938  7       	0.204	2.39648   
19      0.0938  8       	0.457	5.22146   
--------- Running new experiment ---------
Downlink Cluster 0 0.8343s
AP ID	AvgQueueWait	QueueDropRate	RequeueRate	Throughput
0      	0.00385033  	83.5311      	0.463637   	15.0569   

RelayID	AvgQueueWait	QueueDropRate	RequeueRate	Throughput
0      	0.00385033  	83.5311      	0.463637   	15.0569   

RelayID	ResRate	ClientID	PSR	Throughput	
0       0.8343  1       	0.776	11.7531   
0       0.8343  3       	0.954	14.4119   
0       0.8343  4       	0.772	11.6989   
0       0.8343  6       	0.958	14.4738   
0       0.8343  7       	0.456	6.91139   
0       0.8343  8       	0.95 	14.3083   
0       0.8343  9       	0.956	14.4245   
0       0.8343  10      	0.922	13.9063   
0       0.8343  11      	0.972	14.6591   
0       0.8343  12      	0.938	14.1441   
0       0.8343  13      	0.954	14.3997   
0       0.8343  14      	0.668	10.1886   
0       0.8343  15      	0.944	14.2146   
0       0.8343  18      	0.866	13.0164   
0       0.8343  19      	0.828	12.4024   
Downlink Cluster 5 0.0657s
AP ID	AvgQueueWait	QueueDropRate	RequeueRate	Throughput
0      	0.00875079  	17.6013      	0.388673   	3.98665   

RelayID	AvgQueueWait	QueueDropRate	RequeueRate	Throughput
5      	0.00400123  	0            	0.911854   	10.8771   

RelayID	ResRate	ClientID	PSR	Throughput	
5       0.0657  2       	0.25 	2.90761   
Downlink Cluster 20 0.0999s
AP ID	AvgQueueWait	QueueDropRate	RequeueRate	Throughput
0      	0.0120407   	43.1286      	0.305395   	3.36984   

RelayID	AvgQueueWait	QueueDropRate	RequeueRate	Throughput
20     	0.00459969  	51.1677      	0.531487   	11.8652   

RelayID	ResRate	ClientID	PSR	Throughput	
20      0.0999  16      	0.711	8.23415   
20      0.0999  17      	0.244	2.66911   
--------- Running new experiment ---------
Downlink Cluster 0 0.6556s
AP ID	AvgQueueWait	QueueDropRate	RequeueRate	Throughput
0      	0.00398496  	86.4871      	0.435474   	14.6764   

RelayID	AvgQueueWait	QueueDropRate	RequeueRate	Throughput
0      	0.00398496  	86.4871      	0.435474   	14.6764   

RelayID	ResRate	ClientID	PSR	Throughput	
0       0.6556  2       	0.944	13.7122   
0       0.6556  5       	0.514	7.50182   
0       0.6556  9       	0.938	13.6228   
0       0.6556  11      	0.95 	13.8096   
0       0.6556  12      	0.954	13.8781   
0       0.6556  15      	0.928	13.5074   
0       0.6556  17      	0.478	6.98865   
0       0.6556  18      	0.476	6.90248   
0       0.6556  19      	0.952	13.8447   
0       0.6556  20      	0.548	8.00293   
Downlink Cluster 8 0.0586s
AP ID	AvgQueueWait	QueueDropRate	RequeueRate	Throughput
0      	0.00669649  	8.12834      	0.427807   	6.16747   

RelayID	AvgQueueWait	QueueDropRate	RequeueRate	Throughput
8      	0.0043959   	0            	0.770713   	8.33609   

RelayID	ResRate	ClientID	PSR	Throughput	
8       0.0586  3       	0.318	3.07159   
Downlink Cluster 10 0.1232s
AP ID	AvgQueueWait	QueueDropRate	RequeueRate	Throughput
0      	0.0124068   	49.1043      	0.368809   	4.85693   

RelayID	AvgQueueWait	QueueDropRate	RequeueRate	Throughput
10     	0.0050236   	56.8147      	0.451729   	10.5382   

RelayID	ResRate	ClientID	PSR	Throughput	
10      0.1232  4       	0.066	0.607516  
10      0.1232  6       	0.773	8.77211   
Downlink Cluster 14 0.0804s
AP ID	AvgQueueWait	QueueDropRate	RequeueRate	Throughput
0      	0.00630404  	22.5941      	0.532522   	7.26771   

RelayID	AvgQueueWait	QueueDropRate	RequeueRate	Throughput
14     	0.00761267  	20.3397      	0.631912   	7.57971   

RelayID	ResRate	ClientID	PSR	Throughput	
14      0.0804  13      	0.192	1.5065    
Downlink Cluster 16 0.0823s
AP ID	AvgQueueWait	QueueDropRate	RequeueRate	Throughput
0      	0.00840176  	21.3601      	0.523104   	5.45148   

RelayID	AvgQueueWait	QueueDropRate	RequeueRate	Throughput
16     	0.0049188   	48.9583      	0.480769   	10.5423   

RelayID	ResRate	ClientID	PSR	Throughput	
16      0.0823  1       	0.122	1.15825   
16      0.0823  7       	0.179	1.77886   
--------- Running new experiment ---------
Downlink Cluster 0 0.6962s
AP ID	AvgQueueWait	QueueDropRate	RequeueRate	Throughput
0      	0.00376231  	78.8622      	0.501009   	15.4048   

RelayID	AvgQueueWait	QueueDropRate	RequeueRate	Throughput
0      	0.00376231  	78.8622      	0.501009   	15.4048   

RelayID	ResRate	ClientID	PSR	Throughput	
0       0.6962  1       	0.938	14.4172   
0       0.6962  3       	0.948	14.6182   
0       0.6962  6       	0.954	14.7257   
0       0.6962  7       	0.922	14.1843   
0       0.6962  9       	0.686	10.6228   
0       0.6962  12      	0.954	14.7188   
0       0.6962  13      	0.726	11.1244   
0       0.6962  15      	0.476	7.35804   
0       0.6962  16      	0.938	14.4692   
0       0.6962  18      	0.94 	14.4695   
0       0.6962  19      	0.92 	14.1794   
0       0.6962  20      	0.93 	14.3108   
Downlink Cluster 2 0.0561s
AP ID	AvgQueueWait	QueueDropRate	RequeueRate	Throughput
0      	0.00762027  	10.027       	0.377358   	5.9279    

RelayID	AvgQueueWait	QueueDropRate	RequeueRate	Throughput
2      	0.00454377  	0            	0.894988   	9.94668   

RelayID	ResRate	ClientID	PSR	Throughput	
2       0.0561  11      	0.064	0.639109  
Downlink Cluster 4 0.0834s
AP ID	AvgQueueWait	QueueDropRate	RequeueRate	Throughput
0      	0.0131989   	40.0929      	0.309598   	3.14056   

RelayID	AvgQueueWait	QueueDropRate	RequeueRate	Throughput
4      	0.0047194   	2.05053      	0.878799   	11.0212   

RelayID	ResRate	ClientID	PSR	Throughput	
4       0.0834  8       	0.659	7.06355   
Downlink Cluster 5 0.0933s
AP ID	AvgQueueWait	QueueDropRate	RequeueRate	Throughput
0      	0.00344614  	0            	1.11111    	15.7279   

No packets queued!!!
RelayID	AvgQueueWait	QueueDropRate	RequeueRate	Throughput
5      	0.00245107  	0            	0          	0.000707395

RelayID	ResRate	ClientID	PSR	Throughput	
5       0.0933  17      	0.781	0.0141801 
Downlink Cluster 10 0.071s
AP ID	AvgQueueWait	QueueDropRate	RequeueRate	Throughput
0      	0.0166156   	32.2842      	0.286123   	2.63593   

RelayID	AvgQueueWait	QueueDropRate	RequeueRate	Throughput
10     	0.00371699  	0            	0.932919   	12.6703   

RelayID	ResRate	ClientID	PSR	Throughput	
10      0.071   14      	0.594	7.53361   
--------- Running new experiment ---------
Downlink Cluster 0 0.7514s
AP ID	AvgQueueWait	QueueDropRate	RequeueRate	Throughput
0      	0.00407107  	88.7529      	0.419923   	14.2941   

RelayID	AvgQueueWait	QueueDropRate	RequeueRate	Throughput
0      	0.00407107  	88.7529      	0.419923   	14.2941   

RelayID	ResRate	ClientID	PSR	Throughput	
0       0.7514  3       	0.948	13.5434   
0       0.7514  4       	0.662	9.54802   
0       0.7514  6       	0.448	6.43913   
0       0.7514  7       	0.936	13.3915   
0       0.7514  9       	0.928	13.2808   
0       0.7514  10      	0.94 	13.4552   
0       0.7514  12      	0.998	14.2774   
0       0.7514  13      	0.958	13.7308   
0       0.7514  14      	0.476	6.8056    
0       0.7514  15      	0.476	6.7704    
0       0.7514  16      	0.83 	11.9116   
0       0.7514  17      	0.682	9.76149   
0       0.7514  18      	0.686	9.84064   
Downlink Cluster 2 0.064s
AP ID	AvgQueueWait	QueueDropRate	RequeueRate	Throughput
0      	0.00887299  	18.6996      	0.302419   	4.68308   

RelayID	AvgQueueWait	QueueDropRate	RequeueRate	Throughput
2      	0.00430906  	0            	1.00334    	10.2765   

RelayID	ResRate	ClientID	PSR	Throughput	
2       0.064   11      	0.063	0.667125  
Downlink Cluster 20 0.1846s
AP ID	AvgQueueWait	QueueDropRate	RequeueRate	Throughput
0      	0.0123848   	57.9708      	0.378332   	4.4565    

RelayID	AvgQueueWait	QueueDropRate	RequeueRate	Throughput
20     	0.00486321  	73.512       	0.408905   	11.1743   

RelayID	ResRate	ClientID	PSR	Throughput	
20      0.1846  1       	0.516	5.76289   
20      0.1846  5       	0.453	5.23223   
20      0.1846  8       	0.379	4.33931   
20      0.1846  19      	0.657	7.28911   
--------- Running new experiment ---------
Downlink Cluster 0 0.5927s
AP ID	AvgQueueWait	QueueDropRate	RequeueRate	Throughput
0      	0.00406755  	88.6138      	0.418961   	14.2071   

RelayID	AvgQueueWait	QueueDropRate	RequeueRate	Throughput
0      	0.00406755  	88.6138      	0.418961   	14.2071   

RelayID	ResRate	ClientID	PSR	Throughput	
0       0.5927  1       	0.476	6.82015   
0       0.5927  2       	0.956	13.5368   
0       0.5927  4       	0.946	13.4711   
0       0.5927  5       	0.952	13.5602   
0       0.5927  12      	0.938	13.3464   
0       0.5927  14      	0.456	6.44009   
0       0.5927  16      	0.948	13.4665   
0       0.5927  20      	0.772	10.9229   
Downlink Cluster 6 0.0563s
No packets queued!!!
