Waf: Entering directory `/home/kentux/git/ns-3-dev-git/build'
Waf: Leaving directory `/home/kentux/git/ns-3-dev-git/build'
Build commands will be stored in build/compile_commands.json
'build' finished successfully (1.071s)
--------- Running new experiment ---------
Downlink Cluster 0 1s
RelayID	AvgQueueWait	QueueDropRate	RequeueRate	Throughput
0      	0.00467764  	94.7841      	0.341552   	12.377    

RelayID	ResRate	ClientID	PSR	Throughput	
0       1       1       	0.258	3.25203   
0       1       2       	0.956	11.87     
0       1       3       	0.914	11.3512   
0       1       4       	0.95 	11.8125   
0       1       5       	0.906	11.2334   
0       1       6       	0.268	3.34825   
0       1       7       	0.408	5.11114   
0       1       8       	0.282	3.53226   
0       1       9       	0.856	10.6197   
0       1       10      	0.376	4.65273   
0       1       11      	0.74 	9.24241   
0       1       12      	0.964	11.966    
0       1       13      	0.866	10.7607   
0       1       14      	0.728	9.02336   
0       1       15      	0.932	11.5914   
0       1       16      	0.948	11.7876   
0       1       17      	0.87 	10.7681   
0       1       18      	0.124	1.60814   
0       1       19      	0.94 	11.7104   
0       1       20      	0.952	11.7969   
--------- Running new experiment ---------
Downlink Cluster 0 1s
RelayID	AvgQueueWait	QueueDropRate	RequeueRate	Throughput
0      	0.00417289  	90.5676      	0.403669   	13.9143   

RelayID	ResRate	ClientID	PSR	Throughput	
0       1       1       	0.316	4.40667   
0       1       2       	0.936	13.0345   
0       1       3       	0.604	8.39065   
0       1       4       	0.686	9.54395   
0       1       5       	0.368	5.17293   
0       1       6       	0.944	13.1348   
0       1       7       	0.8  	11.1414   
0       1       8       	0.336	4.61867   
0       1       9       	0.354	4.88451   
0       1       10      	0.548	7.61418   
0       1       11      	0.752	10.4281   
0       1       12      	0.728	10.0859   
0       1       13      	0.052	0.712295  
0       1       14      	0.686	9.47371   
0       1       15      	0.072	1.04647   
0       1       16      	0.998	13.9182   
0       1       17      	0.956	13.313    
0       1       18      	0.604	8.43453   
0       1       19      	0.108	1.52464   
0       1       20      	0.926	12.8902   
--------- Running new experiment ---------
Downlink Cluster 0 1s
RelayID	AvgQueueWait	QueueDropRate	RequeueRate	Throughput
0      	0.00424911  	91.7286      	0.389265   	13.6807   

RelayID	ResRate	ClientID	PSR	Throughput	
0       1       1       	0.078	1.13409   
0       1       2       	0.304	4.07258   
0       1       3       	0.382	5.27128   
0       1       4       	0.408	5.49246   
0       1       5       	0.954	13.0964   
0       1       6       	0.896	12.3327   
0       1       7       	0.194	2.72874   
0       1       8       	0.794	10.8536   
0       1       9       	0.922	12.5705   
0       1       10      	0.048	0.664763  
0       1       11      	0.928	12.7004   
0       1       12      	0.942	12.9334   
0       1       13      	0.914	12.5465   
0       1       14      	0.952	13.0775   
0       1       15      	0.062	0.880047  
0       1       16      	0.054	0.775216  
0       1       17      	0.54 	7.4291    
0       1       18      	0.96 	13.1637   
0       1       19      	0.942	12.8565   
0       1       20      	0.682	9.34142   
--------- Running new experiment ---------
Downlink Cluster 0 1s
RelayID	AvgQueueWait	QueueDropRate	RequeueRate	Throughput
0      	0.00405875  	88.9161      	0.422189   	14.3041   

RelayID	ResRate	ClientID	PSR	Throughput	
0       1       1       	0.884	12.6683   
0       1       2       	0.084	1.24468   
0       1       3       	0.542	7.77468   
0       1       4       	0.202	2.93438   
0       1       5       	0.794	11.393    
0       1       6       	0.69 	9.94745   
0       1       7       	0.952	13.6627   
0       1       8       	0.794	11.3606   
0       1       9       	0.052	0.764604  
0       1       10      	0.054	0.772664  
0       1       11      	0.944	13.4949   
0       1       12      	0.956	13.6991   
0       1       13      	1    	14.3384   
0       1       14      	0.894	12.8118   
0       1       15      	0.74 	10.5984   
0       1       16      	0.16 	2.31215   
0       1       17      	0.772	11.0445   
0       1       18      	0.514	7.37244   
0       1       19      	0.718	10.2849   
0       1       20      	0.936	13.4039   
--------- Running new experiment ---------
Downlink Cluster 0 1s
RelayID	AvgQueueWait	QueueDropRate	RequeueRate	Throughput
0      	0.00437817  	92.768       	0.374179   	13.3198   

RelayID	ResRate	ClientID	PSR	Throughput	
0       1       1       	0.604	7.99609   
0       1       2       	0.894	11.9156   
0       1       3       	0.662	8.80509   
0       1       4       	0.476	6.33884   
0       1       5       	0.58 	7.76402   
0       1       6       	0.884	11.8188   
0       1       7       	0.776	10.388    
0       1       8       	0.062	0.802214  
0       1       9       	0.83 	11.0213   
0       1       10      	0.368	4.87106   
0       1       11      	0.046	0.588294  
0       1       12      	0.922	12.2376   
0       1       13      	0.59 	7.92093   
0       1       14      	0.782	10.3964   
0       1       15      	0.268	3.54159   
0       1       16      	0.922	12.2624   
0       1       17      	0.59 	7.81045   
0       1       18      	0.95 	12.6616   
0       1       19      	0.922	12.2583   
0       1       20      	0.152	2.08054   
--------- Running new experiment ---------
Downlink Cluster 0 1s
RelayID	AvgQueueWait	QueueDropRate	RequeueRate	Throughput
0      	0.00395408  	86.7234      	0.440651   	14.7      

RelayID	ResRate	ClientID	PSR	Throughput	
0       1       1       	0.956	14.0786   
0       1       2       	0.06 	0.879392  
0       1       3       	0.15 	2.22785   
0       1       4       	0.928	13.6847   
0       1       5       	0.87 	12.839    
0       1       6       	0.514	7.62351   
0       1       7       	0.352	5.22206   
0       1       8       	0.944	13.9021   
0       1       9       	0.8  	11.7664   
0       1       10      	0.582	8.57547   
0       1       11      	0.942	13.8453   
0       1       12      	0.548	8.05498   
0       1       13      	0.516	7.59608   
0       1       14      	0.948	13.989    
0       1       15      	0.58 	8.46726   
0       1       16      	0.336	4.97207   
0       1       17      	0.948	13.9795   
0       1       18      	0.772	11.405    
0       1       19      	0.152	2.22144   
0       1       20      	0.924	13.612    
--------- Running new experiment ---------
Downlink Cluster 0 1s
RelayID	AvgQueueWait	QueueDropRate	RequeueRate	Throughput
0      	0.00378178  	79.326       	0.499721   	15.4104   

RelayID	ResRate	ClientID	PSR	Throughput	
0       1       1       	0.856	13.1686   
0       1       2       	0.3  	4.65833   
0       1       3       	0.938	14.4667   
0       1       4       	0.772	11.7933   
0       1       5       	0.932	14.387    
0       1       6       	0.932	14.3532   
0       1       7       	0.932	14.3766   
0       1       8       	0.082	1.28942   
0       1       9       	0.938	14.445    
0       1       10      	0.932	14.393    
0       1       11      	0.736	11.3277   
0       1       12      	0.922	14.2081   
0       1       13      	0.856	13.2737   
0       1       14      	0.748	11.5035   
0       1       15      	0.084	1.32454   
0       1       16      	0.582	8.98705   
0       1       17      	0.354	5.46038   
0       1       18      	0.894	13.7471   
0       1       19      	0.928	14.3465   
0       1       20      	0.942	14.4991   
--------- Running new experiment ---------
Downlink Cluster 0 1s
RelayID	AvgQueueWait	QueueDropRate	RequeueRate	Throughput
0      	0.00386291  	83.7565      	0.464187   	15.0256   

RelayID	ResRate	ClientID	PSR	Throughput	
0       1       1       	0.548	8.24324   
0       1       2       	0.674	10.2423   
0       1       3       	0.368	5.54171   
0       1       4       	0.914	13.7391   
0       1       5       	0.336	5.10722   
0       1       6       	0.236	3.56205   
0       1       7       	0.94 	14.1742   
0       1       8       	0.626	9.43021   
0       1       9       	0.336	5.06819   
0       1       10      	0.826	12.4482   
0       1       11      	0.956	14.4123   
0       1       12      	0.548	8.26992   
0       1       13      	0.956	14.3913   
0       1       14      	0.258	3.8723    
0       1       15      	0.58 	8.74168   
0       1       16      	0.828	12.4191   
0       1       17      	0.948	14.2511   
0       1       18      	0.542	8.2092    
0       1       19      	0.132	1.97077   
0       1       20      	0.944	14.2322   
--------- Running new experiment ---------
Downlink Cluster 0 1s
RelayID	AvgQueueWait	QueueDropRate	RequeueRate	Throughput
0      	0.00439651  	92.7976      	0.3731     	13.2407   

RelayID	ResRate	ClientID	PSR	Throughput	
0       1       1       	0.676	8.92632   
0       1       2       	0.96 	12.7322   
0       1       3       	0.132	1.76133   
0       1       4       	0.938	12.4516   
0       1       5       	0.132	1.72881   
0       1       6       	0.068	0.926188  
0       1       7       	0.398	5.23264   
0       1       8       	0.924	12.2155   
0       1       9       	0.582	7.69825   
0       1       10      	0.952	12.6288   
0       1       11      	0.344	4.58542   
0       1       12      	0.052	0.692907  
0       1       13      	0.06 	0.835647  
0       1       14      	0.826	11.0026   
0       1       15      	0.69 	9.15441   
0       1       16      	0.16 	2.09288   
0       1       17      	0.828	10.984    
0       1       18      	0.938	12.4298   
0       1       19      	0.94 	12.4273   
0       1       20      	0.854	11.315    
--------- Running new experiment ---------
Downlink Cluster 0 1s
RelayID	AvgQueueWait	QueueDropRate	RequeueRate	Throughput
0      	0.00426615  	91.7924      	0.387762   	13.6198   

RelayID	ResRate	ClientID	PSR	Throughput	
0       1       1       	0.686	9.36947   
0       1       2       	0.726	9.88262   
0       1       3       	0.154	2.10304   
0       1       4       	0.954	13.0123   
0       1       5       	0.062	0.827608  
0       1       6       	0.736	10.0645   
0       1       7       	0.26 	3.57443   
0       1       8       	0.954	13.0508   
0       1       9       	0.524	7.1093    
0       1       10      	0.974	13.2902   
0       1       11      	0.928	12.6683   
0       1       12      	0.952	13.0337   
0       1       13      	0.924	12.6171   
0       1       14      	0.128	1.74862   
0       1       15      	0.866	11.817    
0       1       16      	0.682	9.25926   
0       1       17      	0.408	5.59872   
0       1       18      	0.958	13.0934   
0       1       19      	0.938	12.8164   
0       1       20      	0.062	0.850891  
--------- Running new experiment ---------
Downlink Cluster 0 1s
RelayID	AvgQueueWait	QueueDropRate	RequeueRate	Throughput
0      	0.00415514  	90.4962      	0.403391   	13.9857   

RelayID	ResRate	ClientID	PSR	Throughput	
0       1       1       	0.932	13.0694   
0       1       2       	0.93 	13.0311   
0       1       3       	0.064	0.890735  
0       1       4       	0.67 	9.34966   
0       1       5       	0.948	13.2943   
0       1       6       	0.958	13.4197   
0       1       7       	0.604	8.47268   
0       1       8       	0.368	5.17709   
0       1       9       	0.15 	2.10347   
0       1       10      	0.156	2.14119   
0       1       11      	0.592	8.23406   
0       1       12      	0.368	5.16211   
0       1       13      	0.87 	12.1848   
0       1       14      	0.258	3.54482   
0       1       15      	0.622	8.65036   
0       1       16      	0.37 	5.2238    
0       1       17      	0.132	1.8364    
0       1       18      	0.936	13.1338   
0       1       19      	0.094	1.31476   
0       1       20      	0.948	13.3021   
--------- Running new experiment ---------
Downlink Cluster 0 1s
RelayID	AvgQueueWait	QueueDropRate	RequeueRate	Throughput
0      	0.00467251  	94.772       	0.339914   	12.4055   

RelayID	ResRate	ClientID	PSR	Throughput	
0       1       1       	0.09 	1.10093   
0       1       2       	0.124	1.52646   
0       1       3       	0.43 	5.38389   
0       1       4       	0.37 	4.63305   
0       1       5       	1    	12.4521   
0       1       6       	0.95 	11.7827   
0       1       7       	0.548	6.83284   
0       1       8       	0.676	8.4045    
0       1       9       	0.118	1.46411   
0       1       10      	0.118	1.49336   
0       1       11      	0.126	1.52922   
0       1       12      	0.96 	11.9382   
0       1       13      	0.054	0.681574  
0       1       14      	0.972	12.0922   
0       1       15      	0.54 	6.73096   
0       1       16      	0.476	5.86487   
0       1       17      	0.958	11.9262   
0       1       18      	0.156	1.89794   
0       1       19      	0.59 	7.35798   
0       1       20      	0.476	5.87965   
--------- Running new experiment ---------
Downlink Cluster 0 1s
RelayID	AvgQueueWait	QueueDropRate	RequeueRate	Throughput
0      	0.00397445  	86.8245      	0.440713   	14.6448   

RelayID	ResRate	ClientID	PSR	Throughput	
0       1       1       	0.438	6.46761   
0       1       2       	0.95 	13.941    
0       1       3       	0.938	13.8175   
0       1       4       	0.89 	12.97     
0       1       5       	0.926	13.5674   
0       1       6       	0.94 	13.8013   
0       1       7       	0.156	2.27923   
0       1       8       	0.92 	13.4441   
0       1       9       	0.054	0.812692  
0       1       10      	0.928	13.6063   
0       1       11      	0.924	13.5224   
0       1       12      	0.772	11.2777   
0       1       13      	0.952	14.0001   
0       1       14      	0.316	4.58732   
0       1       15      	0.686	10.0746   
0       1       16      	0.06 	0.860158  
0       1       17      	0.944	13.8652   
0       1       18      	0.59 	8.66275   
0       1       19      	0.718	10.4773   
0       1       20      	0.466	6.80045   
--------- Running new experiment ---------
Downlink Cluster 0 1s
RelayID	AvgQueueWait	QueueDropRate	RequeueRate	Throughput
0      	0.00427275  	91.7898      	0.386732   	13.604    

RelayID	ResRate	ClientID	PSR	Throughput	
0       1       1       	0.93 	12.7093   
0       1       2       	0.592	8.17501   
0       1       3       	0.856	11.6375   
0       1       4       	0.952	13.0108   
0       1       5       	0.592	8.18292   
0       1       6       	0.842	11.4818   
0       1       7       	0.054	0.754243  
0       1       8       	0.084	1.12047   
0       1       9       	0.132	1.77492   
0       1       10      	0.214	2.95222   
0       1       11      	0.336	4.59366   
0       1       12      	0.954	12.9873   
0       1       13      	0.948	12.9095   
0       1       14      	0.95 	12.9833   
0       1       15      	0.928	12.6938   
0       1       16      	0.954	13.0091   
0       1       17      	0.482	6.63659   
0       1       18      	0.674	9.20114   
0       1       19      	0.258	3.53615   
0       1       20      	0.3  	4.06955   
--------- Running new experiment ---------
Downlink Cluster 0 1s
RelayID	AvgQueueWait	QueueDropRate	RequeueRate	Throughput
0      	0.00447555  	93.568       	0.363659   	12.982    

RelayID	ResRate	ClientID	PSR	Throughput	
0       1       1       	0.258	3.34872   
0       1       2       	0.54 	7.02531   
0       1       3       	0.604	7.85009   
0       1       4       	0.826	10.7535   
0       1       5       	0.776	10.1118   
0       1       6       	0.964	12.5136   
0       1       7       	0.726	9.42848   
0       1       8       	0.202	2.64449   
0       1       9       	0.118	1.56723   
0       1       10      	0.95 	12.3626   
0       1       11      	0.152	2.0155    
0       1       12      	0.962	12.5126   
0       1       13      	0.118	1.52179   
0       1       14      	0.74 	9.57881   
0       1       15      	0.958	12.4516   
0       1       16      	0.956	12.4378   
0       1       17      	0.668	8.60515   
0       1       18      	0.718	9.2638    
0       1       19      	0.952	12.4261   
0       1       20      	0.942	12.263    
--------- Running new experiment ---------
Downlink Cluster 0 1s
RelayID	AvgQueueWait	QueueDropRate	RequeueRate	Throughput
0      	0.00397046  	86.7795      	0.439675   	14.6733   

RelayID	ResRate	ClientID	PSR	Throughput	
0       1       1       	0.914	13.4107   
0       1       2       	0.87 	12.7817   
0       1       3       	0.542	7.94573   
0       1       4       	0.108	1.58404   
0       1       5       	0.16 	2.37254   
0       1       6       	0.124	1.834     
0       1       7       	0.93 	13.665    
0       1       8       	0.77 	11.315    
0       1       9       	0.614	9.07268   
0       1       10      	0.954	14.0029   
0       1       11      	0.896	13.1116   
0       1       12      	0.548	8.07253   
0       1       13      	0.922	13.5305   
0       1       14      	0.924	13.5444   
0       1       15      	0.674	9.8425    
0       1       16      	0.842	12.3705   
0       1       17      	0.964	14.103    
0       1       18      	0.88 	12.9053   
0       1       19      	0.926	13.5929   
0       1       20      	0.476	7.09398   
--------- Running new experiment ---------
Downlink Cluster 0 1s
RelayID	AvgQueueWait	QueueDropRate	RequeueRate	Throughput
0      	0.00396939  	86.791       	0.440251   	14.651    

RelayID	ResRate	ClientID	PSR	Throughput	
0       1       1       	0.674	9.84578   
0       1       2       	0.938	13.7435   
0       1       3       	0.06 	0.869089  
0       1       4       	0.466	6.85545   
0       1       5       	0.078	1.18536   
0       1       6       	0.944	13.8697   
0       1       7       	0.124	1.82609   
0       1       8       	0.398	5.83884   
0       1       9       	0.132	1.95398   
0       1       10      	0.448	6.59832   
0       1       11      	0.896	13.1379   
0       1       12      	0.962	14.0936   
0       1       13      	0.846	12.3906   
0       1       14      	0.826	12.1613   
0       1       15      	0.128	1.86425   
0       1       16      	0.064	0.920743  
0       1       17      	0.944	13.8466   
0       1       18      	0.938	13.7817   
0       1       19      	0.282	4.08343   
0       1       20      	0.8  	11.7379   
--------- Running new experiment ---------
Downlink Cluster 0 1s
RelayID	AvgQueueWait	QueueDropRate	RequeueRate	Throughput
0      	0.00408101  	88.9929      	0.423049   	14.2415   

RelayID	ResRate	ClientID	PSR	Throughput	
0       1       1       	0.456	6.52691   
0       1       2       	0.108	1.51255   
0       1       3       	0.514	7.3688    
0       1       4       	0.69 	9.85181   
0       1       5       	0.948	13.5445   
0       1       6       	0.58 	8.27357   
0       1       7       	0.748	10.6324   
0       1       8       	0.958	13.6477   
0       1       9       	0.082	1.22875   
0       1       10      	0.928	13.2528   
0       1       11      	0.084	1.1856    
0       1       12      	0.938	13.3713   
0       1       13      	1    	14.2635   
0       1       14      	0.456	6.50962   
0       1       15      	0.06 	0.884925  
0       1       16      	0.924	13.1602   
0       1       17      	0.962	13.7206   
0       1       18      	0.8  	11.3613   
0       1       19      	0.89 	12.6693   
0       1       20      	0.158	2.22811   
--------- Running new experiment ---------
Downlink Cluster 0 1s
RelayID	AvgQueueWait	QueueDropRate	RequeueRate	Throughput
0      	0.00386627  	83.7983      	0.467231   	15.0434   

RelayID	ResRate	ClientID	PSR	Throughput	
0       1       1       	0.176	2.67593   
0       1       2       	0.948	14.2942   
0       1       3       	0.098	1.50406   
0       1       4       	0.942	14.1994   
0       1       5       	0.482	7.37197   
0       1       6       	0.372	5.4946    
0       1       7       	0.794	11.9767   
0       1       8       	0.932	14.0626   
0       1       9       	0.728	10.9309   
0       1       10      	0.752	11.3356   
0       1       11      	0.476	7.15273   
0       1       12      	0.478	7.29085   
0       1       13      	0.93 	14.0254   
0       1       14      	0.93 	14.0084   
0       1       15      	0.082	1.19273   
0       1       16      	0.772	11.6309   
0       1       17      	0.942	14.1595   
0       1       18      	0.564	8.49828   
0       1       19      	0.344	5.18159   
0       1       20      	0.078	1.18472   
--------- Running new experiment ---------
Downlink Cluster 0 1s
RelayID	AvgQueueWait	QueueDropRate	RequeueRate	Throughput
0      	0.00396911  	86.7757      	0.438825   	14.6411   

RelayID	ResRate	ClientID	PSR	Throughput	
0       1       1       	0.152	2.29358   
0       1       2       	0.938	13.7552   
0       1       3       	0.158	2.30962   
0       1       4       	0.202	2.93711   
0       1       5       	0.064	0.926166  
0       1       6       	0.132	1.91415   
0       1       7       	0.942	13.8295   
0       1       8       	0.052	0.761944  
0       1       9       	0.736	10.7137   
0       1       10      	0.964	14.1265   
0       1       11      	0.936	13.7684   
0       1       12      	0.084	1.18972   
0       1       13      	0.16 	2.324     
0       1       14      	0.782	11.4966   
0       1       15      	0.268	3.90007   
0       1       16      	0.922	13.5531   
0       1       17      	0.614	9.02744   
0       1       18      	0.944	13.8401   
0       1       19      	0.59 	8.58404   
0       1       20      	0.514	7.57351   
--------- Running new experiment ---------
Downlink Cluster 0 1s
RelayID	AvgQueueWait	QueueDropRate	RequeueRate	Throughput
0      	0.00408156  	88.9749      	0.420915   	14.2707   

RelayID	ResRate	ClientID	PSR	Throughput	
0       1       1       	0.268	3.82567   
0       1       2       	0.854	12.1926   
0       1       3       	0.202	2.89751   
0       1       4       	0.152	2.16492   
0       1       5       	0.668	9.55091   
0       1       6       	0.592	8.50621   
0       1       7       	0.79 	11.2721   
0       1       8       	0.94 	13.4356   
0       1       9       	0.938	13.4029   
0       1       10      	0.69 	9.88458   
0       1       11      	0.954	13.6126   
0       1       12      	0.846	12.061    
0       1       13      	0.942	13.4378   
0       1       14      	0.924	13.2024   
0       1       15      	0.936	13.3567   
0       1       16      	0.846	12.0704   
0       1       17      	0.654	9.34254   
0       1       18      	0.466	6.6522    
0       1       19      	0.048	0.683945  
0       1       20      	0.156	2.2056    
--------- Running new experiment ---------
Downlink Cluster 0 1s
RelayID	AvgQueueWait	QueueDropRate	RequeueRate	Throughput
0      	0.0047591   	95.2276      	0.331703   	12.1817   

RelayID	ResRate	ClientID	PSR	Throughput	
0       1       1       	0.926	11.2904   
0       1       2       	0.118	1.45895   
0       1       3       	0.268	3.26688   
0       1       4       	0.074	0.898064  
0       1       5       	0.772	9.46327   
0       1       6       	0.226	2.80575   
0       1       7       	0.952	11.6611   
0       1       8       	0.772	9.43628   
0       1       9       	0.582	7.13342   
0       1       10      	0.74 	9.07787   
0       1       11      	0.948	11.5841   
0       1       12      	0.662	8.08719   
0       1       13      	0.928	11.3237   
0       1       14      	0.922	11.2428   
0       1       15      	0.58 	7.10184   
0       1       16      	0.932	11.3913   
0       1       17      	0.936	11.4624   
0       1       18      	0.542	6.63029   
0       1       19      	0.958	11.719    
0       1       20      	0.564	6.87279   
--------- Running new experiment ---------
Downlink Cluster 0 1s
RelayID	AvgQueueWait	QueueDropRate	RequeueRate	Throughput
0      	0.00379855  	79.3915      	0.498526   	15.4253   

RelayID	ResRate	ClientID	PSR	Throughput	
0       1       1       	0.158	2.41401   
0       1       2       	0.856	13.1285   
0       1       3       	0.952	14.6895   
0       1       4       	0.772	11.831    
0       1       5       	1    	15.4476   
0       1       6       	0.054	0.852624  
0       1       7       	0.066	0.988905  
0       1       8       	0.926	14.2775   
0       1       9       	0.466	7.18427   
0       1       10      	0.238	3.63923   
0       1       11      	0.928	14.3053   
0       1       12      	0.26 	3.97822   
0       1       13      	0.944	14.5299   
0       1       14      	0.398	6.05646   
0       1       15      	0.336	5.0655    
0       1       16      	0.414	6.45187   
0       1       17      	0.862	13.2723   
0       1       18      	0.124	1.89517   
0       1       19      	0.986	15.1956   
0       1       20      	0.078	1.19561   
--------- Running new experiment ---------
Downlink Cluster 0 1s
RelayID	AvgQueueWait	QueueDropRate	RequeueRate	Throughput
0      	0.00388344  	83.8506      	0.46723    	15.0039   

RelayID	ResRate	ClientID	PSR	Throughput	
0       1       1       	0.894	13.3727   
0       1       2       	0.408	6.09037   
0       1       3       	0.592	8.86162   
0       1       4       	0.928	13.9591   
0       1       5       	0.94 	14.07     
0       1       6       	0.2  	2.98342   
0       1       7       	0.828	12.3872   
0       1       8       	0.948	14.201    
0       1       9       	0.064	0.981409  
0       1       10      	0.514	7.66984   
0       1       11      	0.884	13.3143   
0       1       12      	0.278	4.26002   
0       1       13      	0.37 	5.60425   
0       1       14      	0.928	13.947    
0       1       15      	0.998	14.9984   
0       1       16      	0.928	13.8947   
0       1       17      	0.772	11.5221   
0       1       18      	0.974	14.5551   
0       1       19      	0.95 	14.2472   
0       1       20      	0.054	0.801054  
--------- Running new experiment ---------
Downlink Cluster 0 1s
RelayID	AvgQueueWait	QueueDropRate	RequeueRate	Throughput
0      	0.00408     	88.9414      	0.419962   	14.2767   

RelayID	ResRate	ClientID	PSR	Throughput	
0       1       1       	0.122	1.7807    
0       1       2       	0.926	13.2542   
0       1       3       	0.938	13.4208   
0       1       4       	0.16 	2.33889   
0       1       5       	0.084	1.1752    
0       1       6       	0.954	13.6506   
0       1       7       	0.862	12.3088   
0       1       8       	0.954	13.6366   
0       1       9       	0.564	8.07259   
0       1       10      	0.06 	0.869013  
0       1       11      	0.214	3.05204   
0       1       12      	0.548	7.78726   
0       1       13      	0.214	3.05542   
0       1       14      	0.81 	11.6329   
0       1       15      	0.954	13.6469   
0       1       16      	0.072	0.97101   
0       1       17      	0.048	0.675634  
0       1       18      	0.548	7.83212   
0       1       19      	0.826	11.7808   
0       1       20      	0.868	12.4191   
--------- Running new experiment ---------
Downlink Cluster 0 1s
RelayID	AvgQueueWait	QueueDropRate	RequeueRate	Throughput
0      	0.00388904  	83.8139      	0.463915   	15.0612   

RelayID	ResRate	ClientID	PSR	Throughput	
0       1       1       	0.938	14.0321   
0       1       2       	0.382	5.6818    
0       1       3       	0.132	1.99715   
0       1       4       	0.514	7.70258   
0       1       5       	0.956	14.2796   
0       1       6       	0.96 	14.384    
0       1       7       	0.916	13.7462   
0       1       8       	0.74 	11.101    
0       1       9       	0.87 	12.9847   
0       1       10      	0.3  	4.44709   
0       1       11      	0.54 	8.06993   
0       1       12      	0.368	5.4929    
0       1       13      	0.726	10.8443   
0       1       14      	0.828	12.3193   
0       1       15      	0.93 	13.8963   
0       1       16      	0.2  	2.96976   
0       1       17      	0.044	0.651804  
0       1       18      	0.514	7.61974   
0       1       19      	0.106	1.57282   
0       1       20      	0.942	14.1264   
--------- Running new experiment ---------
Downlink Cluster 0 1s
RelayID	AvgQueueWait	QueueDropRate	RequeueRate	Throughput
0      	0.00437611  	92.7576      	0.374608   	13.2874   

RelayID	ResRate	ClientID	PSR	Throughput	
0       1       1       	0.476	6.2728    
0       1       2       	0.728	9.7165    
0       1       3       	0.368	4.94885   
0       1       4       	0.124	1.65257   
0       1       5       	0.064	0.848069  
0       1       6       	0.438	5.83572   
0       1       7       	0.674	8.96415   
0       1       8       	0.59 	7.92328   
0       1       9       	0.96 	12.8045   
0       1       10      	0.906	12.025    
0       1       11      	0.914	12.1601   
0       1       12      	0.728	9.63121   
0       1       13      	0.944	12.5754   
0       1       14      	0.93 	12.398    
0       1       15      	0.682	9.07211   
0       1       16      	0.58 	7.68551   
0       1       17      	0.118	1.59469   
0       1       18      	0.94 	12.5344   
0       1       19      	0.74 	9.83364   
0       1       20      	0.26 	3.50118   
--------- Running new experiment ---------
Downlink Cluster 0 1s
RelayID	AvgQueueWait	QueueDropRate	RequeueRate	Throughput
0      	0.00427383  	91.7992      	0.38657    	13.5875   

RelayID	ResRate	ClientID	PSR	Throughput	
0       1       1       	0.772	10.5466   
0       1       2       	0.932	12.7077   
0       1       3       	0.926	12.6225   
0       1       4       	0.8  	10.8769   
0       1       5       	0.914	12.4361   
0       1       6       	0.74 	9.99949   
0       1       7       	0.956	13.0221   
0       1       8       	0.846	11.5321   
0       1       9       	0.054	0.773593  
0       1       10      	0.728	9.89226   
0       1       11      	0.944	12.854    
0       1       12      	0.928	12.614    
0       1       13      	0.69 	9.35603   
0       1       14      	0.358	4.88893   
0       1       15      	0.896	12.2302   
0       1       16      	0.868	11.8019   
0       1       17      	0.132	1.81018   
0       1       18      	0.682	9.2606    
0       1       19      	0.444	5.98634   
0       1       20      	0.972	13.2348   
--------- Running new experiment ---------
Downlink Cluster 0 1s
RelayID	AvgQueueWait	QueueDropRate	RequeueRate	Throughput
0      	0.00418221  	90.586       	0.405474   	13.9069   

RelayID	ResRate	ClientID	PSR	Throughput	
0       1       1       	0.078	1.08262   
0       1       2       	0.958	13.3437   
0       1       3       	0.118	1.71841   
0       1       4       	0.94 	13.1269   
0       1       5       	0.928	12.9485   
0       1       6       	0.548	7.58421   
0       1       7       	0.862	12.0135   
0       1       8       	0.932	12.9964   
0       1       9       	0.83 	11.539    
0       1       10      	0.954	13.3015   
0       1       11      	0.934	13.0011   
0       1       12      	0.81 	11.2917   
0       1       13      	0.94 	13.1064   
0       1       14      	0.736	10.2214   
0       1       15      	1    	13.9294   
0       1       16      	0.96 	13.3899   
0       1       17      	0.942	13.1266   
0       1       18      	0.93 	12.9445   
0       1       19      	0.772	10.8269   
0       1       20      	0.94 	13.0714   
--------- Running new experiment ---------
Downlink Cluster 0 1s
RelayID	AvgQueueWait	QueueDropRate	RequeueRate	Throughput
0      	0.00386625  	83.764       	0.465577   	15.061    

RelayID	ResRate	ClientID	PSR	Throughput	
0       1       1       	0.098	1.47204   
0       1       2       	0.956	14.4106   
0       1       3       	0.124	1.78734   
0       1       4       	0.43 	6.45973   
0       1       5       	0.944	14.2549   
0       1       6       	0.928	14.0038   
0       1       7       	0.132	2.01039   
0       1       8       	0.37 	5.57822   
0       1       9       	0.916	13.7991   
0       1       10      	0.914	13.8016   
0       1       11      	0.408	6.06694   
0       1       12      	0.958	14.4703   
0       1       13      	0.214	3.23868   
0       1       14      	0.06 	0.931198  
0       1       15      	0.782	11.7354   
0       1       16      	0.896	13.5528   
0       1       17      	0.054	0.821242  
0       1       18      	0.972	14.649    
0       1       19      	0.96 	14.469    
0       1       20      	0.542	8.17357   
--------- Running new experiment ---------
Downlink Cluster 0 1s
RelayID	AvgQueueWait	QueueDropRate	RequeueRate	Throughput
0      	0.00396842  	86.8101      	0.442416   	14.6692   

RelayID	ResRate	ClientID	PSR	Throughput	
0       1       1       	0.622	9.15505   
0       1       2       	0.972	14.2487   
0       1       3       	0.258	3.69266   
0       1       4       	0.826	12.0459   
0       1       5       	0.948	13.9113   
0       1       6       	0.972	14.2888   
0       1       7       	0.906	13.28     
0       1       8       	0.67 	9.74226   
0       1       9       	0.894	13.0917   
0       1       10      	0.064	0.943147  
0       1       11      	0.866	12.707    
0       1       12      	0.93 	13.6178   
0       1       13      	0.942	13.8395   
0       1       14      	0.118	1.73105   
0       1       15      	0.772	11.2856   
0       1       16      	0.924	13.5923   
0       1       17      	0.948	13.9454   
0       1       18      	0.662	9.73847   
0       1       19      	0.542	7.9468    
0       1       20      	0.54 	7.92774   
--------- Running new experiment ---------
Downlink Cluster 0 1s
RelayID	AvgQueueWait	QueueDropRate	RequeueRate	Throughput
0      	0.00456791  	94.2209      	0.35089    	12.702    

RelayID	ResRate	ClientID	PSR	Throughput	
0       1       1       	0.932	11.8557   
0       1       2       	0.564	7.1716    
0       1       3       	0.914	11.6451   
0       1       4       	0.972	12.3799   
0       1       5       	0.408	5.20597   
0       1       6       	0.94 	12.0188   
0       1       7       	0.214	2.7643    
0       1       8       	0.728	9.29333   
0       1       9       	0.662	8.4564    
0       1       10      	0.938	11.9335   
0       1       11      	0.856	10.9325   
0       1       12      	0.476	6.12169   
0       1       13      	0.948	12.1004   
0       1       14      	0.776	9.94093   
0       1       15      	0.078	0.989235  
0       1       16      	0.956	12.1675   
0       1       17      	0.16 	2.06114   
0       1       18      	0.062	0.781386  
0       1       19      	0.604	7.69222   
0       1       20      	1    	12.7485   
--------- Running new experiment ---------
Downlink Cluster 0 1s
RelayID	AvgQueueWait	QueueDropRate	RequeueRate	Throughput
0      	0.00387037  	83.7856      	0.467033   	15.047    

RelayID	ResRate	ClientID	PSR	Throughput	
0       1       1       	0.466	7.11268   
0       1       2       	0.94 	14.1563   
0       1       3       	0.866	13.0164   
0       1       4       	0.69 	10.4251   
0       1       5       	0.082	1.25055   
0       1       6       	0.926	13.9255   
0       1       7       	0.952	14.3492   
0       1       8       	0.59 	8.8474    
0       1       9       	0.564	8.47349   
0       1       10      	0.928	14.0279   
0       1       11      	0.16 	2.3254    
0       1       12      	0.072	1.14715   
0       1       13      	0.108	1.62164   
0       1       14      	0.06 	0.925088  
0       1       15      	0.944	14.2003   
0       1       16      	0.482	7.20834   
0       1       17      	0.118	1.75866   
0       1       18      	0.316	4.82526   
0       1       19      	0.466	7.0179    
0       1       20      	0.846	12.7648   
--------- Running new experiment ---------
Downlink Cluster 0 1s
RelayID	AvgQueueWait	QueueDropRate	RequeueRate	Throughput
0      	0.00438213  	92.7898      	0.375112   	13.2457   

RelayID	ResRate	ClientID	PSR	Throughput	
0       1       1       	0.948	12.5866   
0       1       2       	0.132	1.73533   
0       1       3       	0.15 	1.96794   
0       1       4       	0.914	12.157    
0       1       5       	0.958	12.702    
0       1       6       	0.93 	12.3276   
0       1       7       	0.476	6.32769   
0       1       8       	0.548	7.26784   
0       1       9       	0.118	1.56251   
0       1       10      	0.22 	2.81369   
0       1       11      	0.548	7.30303   
0       1       12      	0.542	7.21377   
0       1       13      	0.826	10.9481   
0       1       14      	0.956	12.6843   
0       1       15      	0.854	11.3749   
0       1       16      	0.922	12.2603   
0       1       17      	0.952	12.654    
0       1       18      	0.062	0.827318  
0       1       19      	0.846	11.2627   
0       1       20      	0.084	1.10684   
--------- Running new experiment ---------
Downlink Cluster 0 1s
RelayID	AvgQueueWait	QueueDropRate	RequeueRate	Throughput
0      	0.00447793  	93.5715      	0.363939   	12.9976   

RelayID	ResRate	ClientID	PSR	Throughput	
0       1       1       	0.942	12.2692   
0       1       2       	0.94 	12.2252   
0       1       3       	0.956	12.4685   
0       1       4       	0.94 	12.2561   
0       1       5       	0.06 	0.785963  
0       1       6       	0.122	1.58894   
0       1       7       	0.938	12.2475   
0       1       8       	0.466	6.06338   
0       1       9       	0.936	12.1565   
0       1       10      	0.73 	9.47978   
0       1       11      	0.964	12.5757   
0       1       12      	0.938	12.207    
0       1       13      	0.466	6.05129   
0       1       14      	0.448	5.85822   
0       1       15      	0.382	5.01653   
0       1       16      	0.928	12.0687   
0       1       17      	0.54 	7.01696   
0       1       18      	0.942	12.2349   
0       1       19      	0.914	11.8791   
0       1       20      	0.07 	0.889198  
--------- Running new experiment ---------
Downlink Cluster 0 1s
RelayID	AvgQueueWait	QueueDropRate	RequeueRate	Throughput
0      	0.00458679  	94.2433      	0.352092   	12.6851   

RelayID	ResRate	ClientID	PSR	Throughput	
0       1       1       	0.956	12.1626   
0       1       2       	0.674	8.5891    
0       1       3       	0.924	11.7333   
0       1       4       	0.862	10.9639   
0       1       5       	0.564	7.16075   
0       1       6       	0.226	2.81616   
0       1       7       	0.514	6.60702   
0       1       8       	0.944	11.9688   
0       1       9       	0.958	12.1586   
0       1       10      	0.202	2.52579   
0       1       11      	0.206	2.61275   
0       1       12      	0.772	9.82188   
0       1       13      	0.932	11.8599   
0       1       14      	0.74 	9.36157   
0       1       15      	0.948	12.0514   
0       1       16      	0.736	9.31097   
0       1       17      	0.942	11.9341   
0       1       18      	0.912	11.6094   
0       1       19      	0.084	1.06114   
0       1       20      	0.122	1.5249    
--------- Running new experiment ---------
Downlink Cluster 0 1s
RelayID	AvgQueueWait	QueueDropRate	RequeueRate	Throughput
0      	0.00407935  	88.947       	0.419482   	14.2801   

RelayID	ResRate	ClientID	PSR	Throughput	
0       1       1       	0.216	3.06302   
0       1       2       	0.118	1.683     
0       1       3       	0.072	1.02451   
0       1       4       	0.592	8.37947   
0       1       5       	0.662	9.38712   
0       1       6       	0.914	13.038    
0       1       7       	0.952	13.6098   
0       1       8       	0.938	13.3825   
0       1       9       	0.064	0.89422   
0       1       10      	0.94 	13.4548   
0       1       11      	0.408	5.80121   
0       1       12      	0.682	9.72088   
0       1       13      	0.152	2.10209   
0       1       14      	0.67 	9.50276   
0       1       15      	0.956	13.6594   
0       1       16      	0.688	9.79564   
0       1       17      	0.922	13.1776   
0       1       18      	0.912	13.0129   
0       1       19      	0.226	3.15251   
0       1       20      	0.954	13.5892   
--------- Running new experiment ---------
Downlink Cluster 0 1s
RelayID	AvgQueueWait	QueueDropRate	RequeueRate	Throughput
0      	0.00398879  	86.8435      	0.437893   	14.6428   

RelayID	ResRate	ClientID	PSR	Throughput	
0       1       1       	0.94 	13.7936   
0       1       2       	0.8  	11.666    
0       1       3       	0.942	13.8175   
0       1       4       	0.662	9.66927   
0       1       5       	1    	14.6733   
0       1       6       	0.954	13.9367   
0       1       7       	0.736	10.8152   
0       1       8       	0.95 	13.9122   
0       1       9       	0.456	6.67271   
0       1       10      	0.862	12.596    
0       1       11      	0.456	6.81224   
0       1       12      	0.926	13.5224   
0       1       13      	0.408	5.89144   
0       1       14      	0.344	5.04639   
0       1       15      	0.072	1.04479   
0       1       16      	0.748	10.9442   
0       1       17      	0.078	1.11094   
0       1       18      	0.948	13.8693   
0       1       19      	0.736	10.6966   
0       1       20      	0.952	13.9395   
--------- Running new experiment ---------
Downlink Cluster 0 1s
RelayID	AvgQueueWait	QueueDropRate	RequeueRate	Throughput
0      	0.00417424  	90.5651      	0.403313   	13.9316   

RelayID	ResRate	ClientID	PSR	Throughput	
0       1       1       	0.662	9.23777   
0       1       2       	1    	13.9705   
0       1       3       	0.81 	11.3441   
0       1       4       	0.3  	4.21454   
0       1       5       	0.952	13.3095   
0       1       6       	0.856	12.0322   
0       1       7       	0.938	13.134    
0       1       8       	0.408	5.75131   
0       1       9       	0.942	13.1483   
0       1       10      	0.938	13.1179   
0       1       11      	0.072	1.03875   
0       1       12      	1    	13.9705   
0       1       13      	0.772	10.7967   
0       1       14      	0.928	12.9764   
0       1       15      	0.548	7.6427    
0       1       16      	0.94 	13.1538   
0       1       17      	0.728	10.1602   
0       1       18      	0.58 	8.07629   
0       1       19      	0.466	6.48635   
0       1       20      	0.564	7.95995   
--------- Running new experiment ---------
Downlink Cluster 0 1s
RelayID	AvgQueueWait	QueueDropRate	RequeueRate	Throughput
0      	0.00386593  	83.77        	0.466993   	15.0396   

RelayID	ResRate	ClientID	PSR	Throughput	
0       1       1       	0.846	12.7742   
0       1       2       	0.952	14.3341   
0       1       3       	0.69 	10.4693   
0       1       4       	0.084	1.22726   
0       1       5       	0.268	4.03297   
0       1       6       	0.05 	0.751925  
0       1       7       	0.914	13.7821   
0       1       8       	0.856	12.9344   
0       1       9       	0.548	8.26023   
0       1       10      	0.084	1.27384   
0       1       11      	0.772	11.5724   
0       1       12      	0.954	14.3626   
0       1       13      	0.94 	14.1602   
0       1       14      	0.944	14.2349   
0       1       15      	0.95 	14.2873   
0       1       16      	0.09 	1.35056   
0       1       17      	0.928	13.9808   
0       1       18      	0.514	7.67654   
0       1       19      	0.466	6.98716   
0       1       20      	0.476	7.14764   
--------- Running new experiment ---------
Downlink Cluster 0 1s
RelayID	AvgQueueWait	QueueDropRate	RequeueRate	Throughput
0      	0.00417975  	90.5781      	0.404446   	13.9012   

RelayID	ResRate	ClientID	PSR	Throughput	
0       1       1       	0.772	10.7914   
0       1       2       	0.912	12.7044   
0       1       3       	0.952	13.2581   
0       1       4       	0.05 	0.723515  
0       1       5       	0.682	9.51567   
0       1       6       	0.942	13.1025   
0       1       7       	0.826	11.5456   
0       1       8       	0.782	10.8896   
0       1       9       	0.662	9.21627   
0       1       10      	0.084	1.17969   
0       1       11      	0.054	0.75654   
0       1       12      	0.38 	5.38835   
0       1       13      	0.772	10.696    
0       1       14      	0.662	9.21172   
0       1       15      	0.81 	11.2648   
0       1       16      	0.158	2.1987    
0       1       17      	0.366	5.13658   
0       1       18      	0.06 	0.839108  
0       1       19      	0.674	9.46669   
0       1       20      	0.956	13.3187   
--------- Running new experiment ---------
Downlink Cluster 0 1s
RelayID	AvgQueueWait	QueueDropRate	RequeueRate	Throughput
0      	0.00406704  	88.958       	0.421934   	14.2895   

RelayID	ResRate	ClientID	PSR	Throughput	
0       1       1       	0.952	13.6306   
0       1       2       	0.926	13.2661   
0       1       3       	0.938	13.3885   
0       1       4       	0.476	6.78614   
0       1       5       	0.06 	0.896656  
0       1       6       	0.456	6.54785   
0       1       7       	0.94 	13.4673   
0       1       8       	0.368	5.24203   
0       1       9       	0.062	0.874807  
0       1       10      	0.846	12.0877   
0       1       11      	0.81 	11.5927   
0       1       12      	0.96 	13.7426   
0       1       13      	0.954	13.644    
0       1       14      	0.098	1.4317    
0       1       15      	0.15 	2.15709   
0       1       16      	0.238	3.44139   
0       1       17      	0.884	12.6432   
0       1       18      	0.118	1.68943   
0       1       19      	0.782	11.1646   
0       1       20      	0.678	9.71911   
--------- Running new experiment ---------
Downlink Cluster 0 1s
RelayID	AvgQueueWait	QueueDropRate	RequeueRate	Throughput
0      	0.00418005  	90.5738      	0.403541   	13.9297   

RelayID	ResRate	ClientID	PSR	Throughput	
0       1       1       	0.948	13.2347   
0       1       2       	0.926	12.8934   
0       1       3       	0.826	11.5134   
0       1       4       	0.082	1.11889   
0       1       5       	0.942	13.1432   
0       1       6       	0.81 	11.2787   
0       1       7       	0.476	6.66104   
0       1       8       	0.06 	0.83181   
0       1       9       	0.476	6.64793   
0       1       10      	0.124	1.73094   
0       1       11      	0.22 	3.043     
0       1       12      	0.132	1.87619   
0       1       13      	0.064	0.877281  
0       1       14      	0.514	7.1251    
0       1       15      	0.906	12.6322   
0       1       16      	0.07 	0.992948  
0       1       17      	0.052	0.70837   
0       1       18      	0.81 	11.3048   
0       1       19      	0.548	7.65859   
0       1       20      	0.928	12.9595   
--------- Running new experiment ---------
Downlink Cluster 0 1s
RelayID	AvgQueueWait	QueueDropRate	RequeueRate	Throughput
0      	0.0043777   	92.7829      	0.373814   	13.2656   

RelayID	ResRate	ClientID	PSR	Throughput	
0       1       1       	0.906	12.0123   
0       1       2       	0.102	1.40891   
0       1       3       	0.062	0.80212   
0       1       4       	0.772	10.33     
0       1       5       	0.202	2.66608   
0       1       6       	0.158	2.12891   
0       1       7       	0.258	3.41515   
0       1       8       	0.928	12.3501   
0       1       9       	0.93 	12.3641   
0       1       10      	0.932	12.3662   
0       1       11      	0.916	12.1818   
0       1       12      	0.604	8.03363   
0       1       13      	0.158	2.07786   
0       1       14      	0.894	11.907    
0       1       15      	0.932	12.4471   
0       1       16      	0.15 	1.97429   
0       1       17      	0.932	12.399    
0       1       18      	0.938	12.5267   
0       1       19      	0.95 	12.6495   
0       1       20      	0.54 	7.183     
--------- Running new experiment ---------
Downlink Cluster 0 1s
RelayID	AvgQueueWait	QueueDropRate	RequeueRate	Throughput
0      	0.0043641   	92.7563      	0.373716   	13.2929   

RelayID	ResRate	ClientID	PSR	Throughput	
0       1       1       	0.06 	0.793877  
0       1       2       	0.972	12.9435   
0       1       3       	1    	13.3371   
0       1       4       	0.202	2.70594   
0       1       5       	0.466	6.22595   
0       1       6       	0.794	10.4977   
0       1       7       	0.948	12.6534   
0       1       8       	0.912	12.0989   
0       1       9       	0.482	6.40608   
0       1       10      	0.16 	2.13241   
0       1       11      	0.288	3.82452   
0       1       12      	0.936	12.4438   
0       1       13      	0.132	1.82564   
0       1       14      	0.96 	12.7973   
0       1       15      	0.19 	2.53025   
0       1       16      	0.67 	8.95827   
0       1       17      	0.668	8.92527   
0       1       18      	0.736	9.79987   
0       1       19      	0.94 	12.517    
0       1       20      	0.916	12.2476   
--------- Running new experiment ---------
Downlink Cluster 0 1s
RelayID	AvgQueueWait	QueueDropRate	RequeueRate	Throughput
0      	0.00428107  	91.8         	0.391374   	13.5526   

RelayID	ResRate	ClientID	PSR	Throughput	
0       1       1       	0.932	12.6478   
0       1       2       	0.368	4.91971   
0       1       3       	0.928	12.612    
0       1       4       	0.948	12.8527   
0       1       5       	0.676	9.20532   
0       1       6       	0.59 	8.00075   
0       1       7       	0.8  	10.8129   
0       1       8       	0.174	2.36571   
0       1       9       	0.954	12.9561   
0       1       10      	0.132	1.80014   
0       1       11      	0.728	9.85066   
0       1       12      	0.772	10.5089   
0       1       13      	0.912	12.3862   
0       1       14      	0.476	6.51524   
0       1       15      	0.914	12.4256   
0       1       16      	0.22 	3.0084    
0       1       17      	0.826	11.2526   
0       1       18      	0.2  	2.7432    
0       1       19      	0.718	9.78146   
0       1       20      	0.93 	12.6349   
--------- Running new experiment ---------
Downlink Cluster 0 1s
RelayID	AvgQueueWait	QueueDropRate	RequeueRate	Throughput
0      	0.0039671   	86.7997      	0.442006   	14.6632   

RelayID	ResRate	ClientID	PSR	Throughput	
0       1       1       	0.948	13.9328   
0       1       2       	0.894	13.0482   
0       1       3       	0.914	13.3992   
0       1       4       	0.794	11.6885   
0       1       5       	0.948	13.9796   
0       1       6       	0.956	14.0928   
0       1       7       	0.938	13.7577   
0       1       8       	0.064	0.923611  
0       1       9       	0.564	8.30056   
0       1       10      	0.772	11.3178   
0       1       11      	0.928	13.6177   
0       1       12      	0.932	13.7007   
0       1       13      	0.954	14.0351   
0       1       14      	0.564	8.26074   
0       1       15      	0.944	13.8399   
0       1       16      	0.156	2.31164   
0       1       17      	0.956	14.0272   
0       1       18      	0.26 	3.7793    
0       1       19      	0.914	13.4129   
0       1       20      	0.682	9.9518    
--------- Running new experiment ---------
Downlink Cluster 0 1s
RelayID	AvgQueueWait	QueueDropRate	RequeueRate	Throughput
0      	0.00386489  	83.7659      	0.465507   	15.0383   

RelayID	ResRate	ClientID	PSR	Throughput	
0       1       1       	0.926	13.9342   
0       1       2       	0.972	14.6309   
0       1       3       	0.95 	14.3042   
0       1       4       	0.928	13.9912   
0       1       5       	0.336	5.07808   
0       1       6       	0.938	14.1357   
0       1       7       	0.046	0.71056   
0       1       8       	0.956	14.3584   
0       1       9       	0.884	13.2933   
0       1       10      	0.81 	12.1925   
0       1       11      	0.098	1.44796   
0       1       12      	0.564	8.45472   
0       1       13      	0.94 	14.1799   
0       1       14      	0.926	13.9451   
0       1       15      	0.96 	14.5068   
0       1       16      	0.95 	14.2897   
0       1       17      	0.376	5.58502   
0       1       18      	0.58 	8.80608   
0       1       19      	0.082	1.29209   
0       1       20      	0.54 	8.14229   
--------- Running new experiment ---------
Downlink Cluster 0 1s
RelayID	AvgQueueWait	QueueDropRate	RequeueRate	Throughput
0      	0.00440633  	92.8328      	0.377174   	13.2406   

RelayID	ResRate	ClientID	PSR	Throughput	
0       1       1       	0.15 	2.00232   
0       1       2       	0.15 	2.02805   
0       1       3       	0.944	12.5115   
0       1       4       	0.078	1.0492    
0       1       5       	0.382	5.07967   
0       1       6       	0.938	12.4334   
0       1       7       	0.964	12.7669   
0       1       8       	0.06 	0.796751  
0       1       9       	0.67 	8.89312   
0       1       10      	0.316	4.08022   
0       1       11      	0.58 	7.56778   
0       1       12      	0.514	6.75884   
0       1       13      	0.084	1.10685   
0       1       14      	0.94 	12.4513   
0       1       15      	0.06 	0.788645  
0       1       16      	0.078	1.02793   
0       1       17      	0.564	7.52027   
0       1       18      	0.064	0.899685  
0       1       19      	0.936	12.3927   
0       1       20      	0.226	2.96514   
--------- Running new experiment ---------
Downlink Cluster 0 1s
RelayID	AvgQueueWait	QueueDropRate	RequeueRate	Throughput
0      	0.00417012  	90.5607      	0.403061   	13.9559   

RelayID	ResRate	ClientID	PSR	Throughput	
0       1       1       	0.922	12.9104   
0       1       2       	0.914	12.7702   
0       1       3       	0.054	0.749719  
0       1       4       	0.928	12.9589   
0       1       5       	0.202	2.80805   
0       1       6       	0.952	13.2787   
0       1       7       	0.102	1.40338   
0       1       8       	0.108	1.53365   
0       1       9       	0.36 	4.95116   
0       1       10      	0.914	12.714    
0       1       11      	0.558	7.77191   
0       1       12      	0.952	13.3196   
0       1       13      	0.926	12.914    
0       1       14      	0.376	5.19222   
0       1       15      	0.794	11.1042   
0       1       16      	0.476	6.64529   
0       1       17      	0.514	7.15655   
0       1       18      	0.108	1.48341   
0       1       19      	0.604	8.51957   
0       1       20      	0.118	1.7046    
--------- Running new experiment ---------
Downlink Cluster 0 1s
RelayID	AvgQueueWait	QueueDropRate	RequeueRate	Throughput
0      	0.00396139  	86.7402      	0.437781   	14.6731   

RelayID	ResRate	ClientID	PSR	Throughput	
0       1       1       	0.894	13.0883   
0       1       2       	0.05 	0.743444  
0       1       3       	0.54 	7.89656   
0       1       4       	0.828	12.143    
0       1       5       	0.128	1.8554    
0       1       6       	0.826	12.1368   
0       1       7       	0.932	13.7115   
0       1       8       	0.258	3.77445   
0       1       9       	0.964	14.186    
0       1       10      	0.96 	14.0964   
0       1       11      	0.94 	13.8261   
0       1       12      	0.05 	0.748209  
0       1       13      	0.662	9.6389    
0       1       14      	0.896	13.1585   
0       1       15      	0.572	8.38315   
0       1       16      	0.126	1.84028   
0       1       17      	0.408	5.99821   
0       1       18      	0.548	8.05569   
0       1       19      	0.964	14.1775   
0       1       20      	0.944	13.9114   
--------- Running new experiment ---------
Downlink Cluster 0 1s
RelayID	AvgQueueWait	QueueDropRate	RequeueRate	Throughput
0      	0.00396983  	86.7606      	0.44123    	14.6596   

RelayID	ResRate	ClientID	PSR	Throughput	
0       1       1       	0.94 	13.7955   
0       1       2       	0.928	13.6288   
0       1       3       	0.944	13.8396   
0       1       4       	0.94 	13.7959   
0       1       5       	0.952	13.9682   
0       1       6       	0.15 	2.19359   
0       1       7       	0.928	13.6181   
0       1       8       	0.95 	13.9353   
0       1       9       	0.476	6.98228   
0       1       10      	0.948	13.9274   
0       1       11      	0.108	1.56775   
0       1       12      	0.952	13.9802   
0       1       13      	0.926	13.6067   
0       1       14      	0.94 	13.8131   
0       1       15      	0.772	11.3537   
0       1       16      	0.772	11.2181   
0       1       17      	0.066	0.988432  
0       1       18      	0.94 	13.7667   
0       1       19      	0.05 	0.73713   
0       1       20      	0.894	13.0935   
--------- Running new experiment ---------
Downlink Cluster 0 1s
RelayID	AvgQueueWait	QueueDropRate	RequeueRate	Throughput
0      	0.0040745   	88.9503      	0.418578   	14.2795   

RelayID	ResRate	ClientID	PSR	Throughput	
0       1       1       	0.268	3.83674   
0       1       2       	0.826	11.8679   
0       1       3       	0.944	13.5259   
0       1       4       	0.676	9.68751   
0       1       5       	0.59 	8.46555   
0       1       6       	0.466	6.66491   
0       1       7       	0.948	13.5709   
0       1       8       	0.928	13.3075   
0       1       9       	0.958	13.7027   
0       1       10      	0.94 	13.4249   
0       1       11      	0.942	13.4724   
0       1       12      	0.354	5.04795   
0       1       13      	0.268	3.83565   
0       1       14      	0.078	1.15631   
0       1       15      	0.06 	0.862494  
0       1       16      	0.282	4.0422    
0       1       17      	0.96 	13.7397   
0       1       18      	0.54 	7.70126   
0       1       19      	0.96 	13.7055   
0       1       20      	0.258	3.67095   
--------- Running new experiment ---------
Downlink Cluster 0 1s
RelayID	AvgQueueWait	QueueDropRate	RequeueRate	Throughput
0      	0.00388582  	83.8762      	0.467278   	15.026    

RelayID	ResRate	ClientID	PSR	Throughput	
0       1       1       	0.456	6.79589   
0       1       2       	0.674	10.1089   
0       1       3       	0.06 	0.899541  
0       1       4       	0.956	14.3256   
0       1       5       	0.132	2.01929   
0       1       6       	0.132	1.97787   
0       1       7       	0.938	14.0595   
0       1       8       	0.06 	0.887446  
0       1       9       	0.846	12.7397   
0       1       10      	0.514	7.79901   
0       1       11      	0.87 	13.0264   
0       1       12      	0.794	11.9209   
0       1       13      	0.94 	14.0912   
0       1       14      	0.972	14.6021   
0       1       15      	0.936	14.0752   
0       1       16      	0.89 	13.3554   
0       1       17      	0.438	6.54183   
0       1       18      	0.952	14.3129   
0       1       19      	0.686	10.2138   
0       1       20      	0.926	13.9001   
--------- Running new experiment ---------
Downlink Cluster 0 1s
RelayID	AvgQueueWait	QueueDropRate	RequeueRate	Throughput
0      	0.00427851  	91.8079      	0.387902   	13.5899   

RelayID	ResRate	ClientID	PSR	Throughput	
0       1       1       	0.794	10.7111   
0       1       2       	0.202	2.78905   
0       1       3       	0.282	3.85856   
0       1       4       	0.156	2.09511   
0       1       5       	0.592	8.0642    
0       1       6       	0.686	9.33834   
0       1       7       	0.8  	10.8775   
0       1       8       	0.958	13.0371   
0       1       9       	0.938	12.7455   
0       1       10      	0.952	12.9758   
0       1       11      	0.862	11.7129   
0       1       12      	0.048	0.668648  
0       1       13      	0.928	12.6156   
0       1       14      	0.062	0.807975  
0       1       15      	0.942	12.8327   
0       1       16      	0.896	12.1802   
0       1       17      	0.782	10.6171   
0       1       18      	0.93 	12.6425   
0       1       19      	0.592	8.0325    
0       1       20      	0.928	12.6272   
--------- Running new experiment ---------
Downlink Cluster 0 1s
RelayID	AvgQueueWait	QueueDropRate	RequeueRate	Throughput
0      	0.00424899  	91.7387      	0.383599   	13.6802   

RelayID	ResRate	ClientID	PSR	Throughput	
0       1       1       	0.132	1.77171   
0       1       2       	0.942	12.9513   
0       1       3       	0.152	2.12793   
0       1       4       	0.466	6.35176   
0       1       5       	0.626	8.55879   
0       1       6       	0.542	7.48102   
0       1       7       	0.89 	12.2196   
0       1       8       	0.936	12.8536   
0       1       9       	0.782	10.6888   
0       1       10      	0.972	13.3547   
0       1       11      	0.94 	12.8932   
0       1       12      	0.914	12.5352   
0       1       13      	0.336	4.55994   
0       1       14      	0.95 	13.0309   
0       1       15      	0.532	7.29951   
0       1       16      	0.826	11.3252   
0       1       17      	0.942	12.9335   
0       1       18      	0.954	13.0985   
0       1       19      	0.202	2.76456   
0       1       20      	0.894	12.2573   
--------- Running new experiment ---------
Downlink Cluster 0 1s
RelayID	AvgQueueWait	QueueDropRate	RequeueRate	Throughput
0      	0.00399564  	86.9066      	0.440221   	14.6242   

RelayID	ResRate	ClientID	PSR	Throughput	
0       1       1       	0.866	12.6572   
0       1       2       	0.068	0.992592  
0       1       3       	0.938	13.7323   
0       1       4       	0.93 	13.5777   
0       1       5       	0.476	6.88287   
0       1       6       	0.082	1.1668    
0       1       7       	0.81 	11.8204   
0       1       8       	0.114	1.66393   
0       1       9       	0.936	13.6724   
0       1       10      	0.928	13.5787   
0       1       11      	0.178	2.59174   
0       1       12      	0.952	13.8826   
0       1       13      	0.972	14.1818   
0       1       14      	0.938	13.6424   
0       1       15      	0.466	6.82334   
0       1       16      	0.068	0.989746  
0       1       17      	1    	14.6023   
0       1       18      	0.944	13.7966   
0       1       19      	0.532	7.79964   
0       1       20      	0.152	2.18861   
--------- Running new experiment ---------
Downlink Cluster 0 1s
RelayID	AvgQueueWait	QueueDropRate	RequeueRate	Throughput
0      	0.00467958  	94.7876      	0.341346   	12.4003   

RelayID	ResRate	ClientID	PSR	Throughput	
0       1       1       	0.726	9.07648   
0       1       2       	0.944	11.7344   
0       1       3       	0.948	11.8017   
0       1       4       	0.67 	8.41065   
0       1       5       	0.336	4.23113   
0       1       6       	0.322	4.02948   
0       1       7       	0.948	11.7878   
0       1       8       	0.122	1.55181   
0       1       9       	0.466	5.77398   
0       1       10      	0.854	10.6584   
0       1       11      	0.924	11.46     
0       1       12      	0.456	5.67836   
0       1       13      	0.95 	11.7877   
0       1       14      	0.456	5.69705   
0       1       15      	0.8  	9.99049   
0       1       16      	0.944	11.7362   
0       1       17      	0.962	11.9901   
0       1       18      	0.856	10.6629   
0       1       19      	0.794	9.9111    
0       1       20      	0.826	10.2968   
--------- Running new experiment ---------
Downlink Cluster 0 1s
RelayID	AvgQueueWait	QueueDropRate	RequeueRate	Throughput
0      	0.00407599  	88.9592      	0.420352   	14.2684   

RelayID	ResRate	ClientID	PSR	Throughput	
0       1       1       	0.852	12.1411   
0       1       2       	0.914	13.0229   
0       1       3       	0.932	13.2956   
0       1       4       	0.95 	13.5469   
0       1       5       	0.062	0.903956  
0       1       6       	0.914	13.0022   
0       1       7       	0.466	6.63192   
0       1       8       	0.408	5.80848   
0       1       9       	0.954	13.6177   
0       1       10      	0.958	13.6558   
0       1       11      	0.124	1.7755    
0       1       12      	0.772	11.0043   
0       1       13      	0.152	2.16924   
0       1       14      	0.572	8.0847    
0       1       15      	0.226	3.20191   
0       1       16      	0.854	12.1553   
0       1       17      	0.936	13.3631   
0       1       18      	0.952	13.6315   
0       1       19      	0.956	13.66     
0       1       20      	0.062	0.856997  
--------- Running new experiment ---------
Downlink Cluster 0 1s
RelayID	AvgQueueWait	QueueDropRate	RequeueRate	Throughput
0      	0.00418373  	90.5685      	0.402404   	13.92     

RelayID	ResRate	ClientID	PSR	Throughput	
0       1       1       	0.152	2.07046   
0       1       2       	0.942	13.1007   
0       1       3       	0.956	13.345    
0       1       4       	0.948	13.2456   
0       1       5       	0.96 	13.3933   
0       1       6       	0.354	4.95802   
0       1       7       	0.414	5.75992   
0       1       8       	0.054	0.771591  
0       1       9       	0.856	11.9141   
0       1       10      	0.226	3.14173   
0       1       11      	0.218	3.02119   
0       1       12      	0.156	2.16328   
0       1       13      	0.414	5.81067   
0       1       14      	0.662	9.17674   
0       1       15      	0.688	9.55283   
0       1       16      	0.344	4.76445   
0       1       17      	0.782	10.841    
0       1       18      	0.514	7.10603   
0       1       19      	0.466	6.45571   
0       1       20      	0.894	12.443    
--------- Running new experiment ---------
Downlink Cluster 0 1s
RelayID	AvgQueueWait	QueueDropRate	RequeueRate	Throughput
0      	0.00376611  	79.2327      	0.501153   	15.4407   

RelayID	ResRate	ClientID	PSR	Throughput	
0       1       1       	0.336	5.26762   
0       1       2       	0.894	13.8174   
0       1       3       	0.926	14.3436   
0       1       4       	0.958	14.8012   
0       1       5       	0.944	14.5782   
0       1       6       	0.408	6.28191   
0       1       7       	0.202	3.09372   
0       1       8       	0.826	12.7534   
0       1       9       	0.856	13.2335   
0       1       10      	0.952	14.6825   
0       1       11      	0.728	11.2284   
0       1       12      	0.084	1.28496   
0       1       13      	0.952	14.7454   
0       1       14      	0.954	14.7523   
0       1       15      	0.108	1.70022   
0       1       16      	0.986	15.2467   
0       1       17      	0.542	8.34768   
0       1       18      	0.06 	0.93752   
0       1       19      	0.58 	8.89989   
0       1       20      	0.662	10.1779   
--------- Running new experiment ---------
Downlink Cluster 0 1s
RelayID	AvgQueueWait	QueueDropRate	RequeueRate	Throughput
0      	0.00396599  	86.7673      	0.441678   	14.6731   

RelayID	ResRate	ClientID	PSR	Throughput	
0       1       1       	0.074	1.06398   
0       1       2       	0.456	6.64743   
0       1       3       	0.998	14.6623   
0       1       4       	0.776	11.3749   
0       1       5       	0.336	4.96903   
0       1       6       	0.83 	12.2391   
0       1       7       	0.944	13.8535   
0       1       8       	0.776	11.4172   
0       1       9       	0.954	14.0144   
0       1       10      	0.916	13.4465   
0       1       11      	0.956	14.026    
0       1       12      	0.952	14.0114   
0       1       13      	0.682	10.0667   
0       1       14      	0.926	13.5561   
0       1       15      	0.752	11.0341   
0       1       16      	0.522	7.65966   
0       1       17      	0.94 	13.8002   
0       1       18      	0.06 	0.892895  
0       1       19      	0.542	7.93835   
0       1       20      	0.456	6.76501   
--------- Running new experiment ---------
Downlink Cluster 0 1s
RelayID	AvgQueueWait	QueueDropRate	RequeueRate	Throughput
0      	0.00458503  	94.2256      	0.351541   	12.6875   

RelayID	ResRate	ClientID	PSR	Throughput	
0       1       1       	0.954	12.1328   
0       1       2       	0.958	12.169    
0       1       3       	0.938	11.9076   
0       1       4       	0.174	2.21085   
0       1       5       	0.592	7.57112   
0       1       6       	0.922	11.6965   
0       1       7       	0.178	2.27796   
0       1       8       	0.932	11.8794   
0       1       9       	0.674	8.53007   
0       1       10      	0.282	3.52057   
0       1       11      	0.16 	1.97666   
0       1       12      	0.938	11.8968   
0       1       13      	0.668	8.43642   
0       1       14      	0.932	11.8474   
0       1       15      	0.948	12.0205   
0       1       16      	0.93 	11.7648   
0       1       17      	0.408	5.0986    
0       1       18      	0.354	4.59759   
0       1       19      	0.916	11.634    
0       1       20      	0.922	11.699    
--------- Running new experiment ---------
Downlink Cluster 0 1s
RelayID	AvgQueueWait	QueueDropRate	RequeueRate	Throughput
0      	0.00385162  	83.6974      	0.467722   	15.0968   

RelayID	ResRate	ClientID	PSR	Throughput	
0       1       1       	0.064	0.96266   
0       1       2       	0.216	3.25539   
0       1       3       	0.572	8.59297   
0       1       4       	0.3  	4.57491   
0       1       5       	0.674	10.1785   
0       1       6       	0.152	2.32403   
0       1       7       	0.772	11.7176   
0       1       8       	0.682	10.2833   
0       1       9       	0.782	11.8117   
0       1       10      	0.942	14.2579   
0       1       11      	0.532	8.14406   
0       1       12      	0.548	8.2441    
0       1       13      	0.102	1.50968   
0       1       14      	0.856	12.8987   
0       1       15      	0.752	11.4369   
0       1       16      	0.938	14.1937   
0       1       17      	0.444	6.67164   
0       1       18      	0.932	14.1087   
0       1       19      	0.268	4.03783   
0       1       20      	0.956	14.4714   
--------- Running new experiment ---------
Downlink Cluster 0 1s
RelayID	AvgQueueWait	QueueDropRate	RequeueRate	Throughput
0      	0.00440528  	92.8411      	0.376659   	13.239    

RelayID	ResRate	ClientID	PSR	Throughput	
0       1       1       	0.482	6.43509   
0       1       2       	0.94 	12.4808   
0       1       3       	0.474	6.25603   
0       1       4       	0.938	12.4419   
0       1       5       	0.408	5.41784   
0       1       6       	0.896	11.8259   
0       1       7       	0.042	0.555154  
0       1       8       	0.548	7.21178   
0       1       9       	0.214	2.81976   
0       1       10      	0.954	12.6289   
0       1       11      	0.322	4.28758   
0       1       12      	0.592	7.82665   
0       1       13      	0.476	6.32775   
0       1       14      	0.954	12.6298   
0       1       15      	0.896	11.8246   
0       1       16      	0.958	12.669    
0       1       17      	0.826	10.9829   
0       1       18      	0.938	12.48     
0       1       19      	0.926	12.2402   
0       1       20      	0.856	11.2555   
--------- Running new experiment ---------
Downlink Cluster 0 1s
RelayID	AvgQueueWait	QueueDropRate	RequeueRate	Throughput
0      	0.00396684  	86.7972      	0.44468    	14.6549   

RelayID	ResRate	ClientID	PSR	Throughput	
0       1       1       	0.062	0.889862  
0       1       2       	0.896	13.1332   
0       1       3       	0.938	13.7682   
0       1       4       	0.954	13.9943   
0       1       5       	0.96 	14.086    
0       1       6       	0.846	12.434    
0       1       7       	0.926	13.5739   
0       1       8       	0.936	13.7563   
0       1       9       	0.958	14.036    
0       1       10      	0.916	13.4585   
0       1       11      	0.718	10.5029   
0       1       12      	0.89 	13.0256   
0       1       13      	0.974	14.3173   
0       1       14      	0.942	13.8609   
0       1       15      	0.05 	0.74003   
0       1       16      	0.914	13.419    
0       1       17      	0.93 	13.6721   
0       1       18      	0.226	3.39615   
0       1       19      	0.662	9.69718   
0       1       20      	0.098	1.44148   
--------- Running new experiment ---------
Downlink Cluster 0 1s
RelayID	AvgQueueWait	QueueDropRate	RequeueRate	Throughput
0      	0.00378416  	79.3251      	0.498037   	15.4191   

RelayID	ResRate	ClientID	PSR	Throughput	
0       1       1       	0.846	13.0357   
0       1       2       	0.772	11.9474   
0       1       3       	0.268	4.05659   
0       1       4       	0.514	7.9293    
0       1       5       	0.772	11.9567   
0       1       6       	0.354	5.52517   
0       1       7       	0.678	10.3541   
0       1       8       	0.466	7.14789   
0       1       9       	0.232	3.59122   
0       1       10      	0.952	14.6712   
0       1       11      	0.93 	14.31     
0       1       12      	0.952	14.6381   
0       1       13      	0.068	1.06788   
0       1       14      	0.728	11.189    
0       1       15      	0.916	14.0976   
0       1       16      	0.964	14.8734   
0       1       17      	0.952	14.6374   
0       1       18      	0.456	6.9992    
0       1       19      	0.974	14.989    
0       1       20      	0.054	0.840758  
--------- Running new experiment ---------
